2024-02-25 19:00:00,639 [INFO] Activator:176 - 


2024-02-25 19:00:00,643 [INFO] Activator:177 - !SESSION log4j initialized
2024-02-25 19:00:04,805 [INFO] LogOutputStream:77 - [STDOUT_REDIRECT] 
2024-02-25 19:00:09,468 [INFO] ApplicationProperties:184 - Using Application install path: C:\ST\STM32CubeIDE_1.14.0\STM32CubeIDE\plugins\com.st.stm32cube.common.mx_6.10.0.202311202037
2024-02-25 19:00:09,495 [INFO] DbMcusXml:78 - Set database path to: C:\ST\STM32CubeIDE_1.14.0\STM32CubeIDE\plugins\com.st.stm32cube.common.mx_6.10.0.202311202037\\db\/mcu/
2024-02-25 19:00:09,495 [INFO] ApiDb:274 - Set plugin database path to: C:\ST\STM32CubeIDE_1.14.0\STM32CubeIDE\plugins\com.st.stm32cube.common.mx_6.10.0.202311202037\\db\/plugins/boardmanager/
2024-02-25 19:00:09,496 [WARN] ApiDb:259 - Overriding images path with different value:  => C:\ST\STM32CubeIDE_1.14.0\STM32CubeIDE\plugins\com.st.stm32cube.common.mx_6.10.0.202311202037\\db\/plugins/mcufinder/images/
2024-02-25 19:00:10,898 [WARN] ApiFinderProperties:113 - C:\Users\User\.stmcufinder\plugins\mcufinder\mcu\mcuFinder.mfd doesn't exist
2024-02-25 19:00:10,899 [INFO] ApiDb:250 - Set database path to: C:\Users\User\.stmcufinder\plugins\mcufinder//mcu/
2024-02-25 19:00:10,901 [INFO] DbMcusAds:125 - Set database path to: C:\Users\User\.stmcufinder\plugins\mcufinder//mcu/
2024-02-25 19:00:10,904 [INFO] CrossReferenceDbSqlite:203 - Set database path to: C:\Users\User\.stmcufinder\plugins\mcufinder//mcu/cs/
2024-02-25 19:00:11,087 [INFO] RulesReader:64 - Compatibility file has been processed (297 Rules)
2024-02-25 19:00:11,189 [INFO] DbMcusXml:78 - Set database path to: C:\ST\STM32CubeIDE_1.14.0\STM32CubeIDE\plugins\com.st.stm32cube.common.mx_6.10.0.202311202037\\db\/mcu/
2024-02-25 19:00:11,190 [INFO] ApiDb:274 - Set plugin database path to: C:\ST\STM32CubeIDE_1.14.0\STM32CubeIDE\plugins\com.st.stm32cube.common.mx_6.10.0.202311202037\\db\/plugins/boardmanager/
2024-02-25 19:00:11,190 [INFO] ApiDb:261 - Set plugin images path to: C:\ST\STM32CubeIDE_1.14.0\STM32CubeIDE\plugins\com.st.stm32cube.common.mx_6.10.0.202311202037\\db\/plugins/mcufinder/images/
2024-02-25 19:00:11,190 [WARN] DbFile:41 - Overriding database path with different value: C:\Users\User\.stmcufinder\plugins\mcufinder/ => C:\Users\User\.stmcufinder\plugins\mcufinder
2024-02-25 19:00:11,190 [INFO] ApiDb:250 - Set database path to: C:\Users\User\.stmcufinder\plugins\mcufinder//mcu/
2024-02-25 19:00:11,190 [WARN] DbFile:41 - Overriding database path with different value: C:\Users\User\.stmcufinder\plugins\mcufinder/ => C:\Users\User\.stmcufinder\plugins\mcufinder
2024-02-25 19:00:11,190 [INFO] DbMcusAds:125 - Set database path to: C:\Users\User\.stmcufinder\plugins\mcufinder//mcu/
2024-02-25 19:00:11,191 [WARN] DbFile:41 - Overriding database path with different value: C:\Users\User\.stmcufinder\plugins\mcufinder/ => C:\Users\User\.stmcufinder\plugins\mcufinder
2024-02-25 19:00:11,191 [WARN] DbFile:41 - Overriding database path with different value: C:\Users\User\.stmcufinder\plugins\mcufinder/ => C:\Users\User\.stmcufinder\plugins\mcufinder
2024-02-25 19:00:11,191 [INFO] CrossReferenceDbSqlite:203 - Set database path to: C:\Users\User\.stmcufinder\plugins\mcufinder//mcu/cs/
2024-02-25 19:00:11,290 [INFO] MainPanel:264 - HeapMemory: 268435456
2024-02-25 19:00:11,370 [INFO] DbMcusXml:78 - Set database path to: C:\ST\STM32CubeIDE_1.14.0\STM32CubeIDE\plugins\com.st.stm32cube.common.mx_6.10.0.202311202037\\db\/mcu/
2024-02-25 19:00:11,370 [INFO] ApiDb:274 - Set plugin database path to: C:\ST\STM32CubeIDE_1.14.0\STM32CubeIDE\plugins\com.st.stm32cube.common.mx_6.10.0.202311202037\\db\/plugins/boardmanager/
2024-02-25 19:00:11,370 [INFO] ApiDb:261 - Set plugin images path to: C:\ST\STM32CubeIDE_1.14.0\STM32CubeIDE\plugins\com.st.stm32cube.common.mx_6.10.0.202311202037\\db\/plugins/mcufinder/images/
2024-02-25 19:00:11,371 [WARN] DbFile:41 - Overriding database path with different value: C:\Users\User\.stmcufinder\plugins\mcufinder/ => C:\Users\User\.stmcufinder\plugins\mcufinder
2024-02-25 19:00:11,371 [INFO] ApiDb:250 - Set database path to: C:\Users\User\.stmcufinder\plugins\mcufinder//mcu/
2024-02-25 19:00:11,371 [WARN] DbFile:41 - Overriding database path with different value: C:\Users\User\.stmcufinder\plugins\mcufinder/ => C:\Users\User\.stmcufinder\plugins\mcufinder
2024-02-25 19:00:11,371 [INFO] DbMcusAds:125 - Set database path to: C:\Users\User\.stmcufinder\plugins\mcufinder//mcu/
2024-02-25 19:00:11,371 [WARN] DbFile:41 - Overriding database path with different value: C:\Users\User\.stmcufinder\plugins\mcufinder/ => C:\Users\User\.stmcufinder\plugins\mcufinder
2024-02-25 19:00:11,372 [WARN] DbFile:41 - Overriding database path with different value: C:\Users\User\.stmcufinder\plugins\mcufinder/ => C:\Users\User\.stmcufinder\plugins\mcufinder
2024-02-25 19:00:11,372 [INFO] CrossReferenceDbSqlite:203 - Set database path to: C:\Users\User\.stmcufinder\plugins\mcufinder//mcu/cs/
2024-02-25 19:00:11,393 [INFO] ApplicationProperties:184 - Using Application install path: C:\ST\STM32CubeIDE_1.14.0\STM32CubeIDE\plugins\com.st.stm32cube.common.mx_6.10.0.202311202037
2024-02-25 19:00:11,395 [INFO] PluginManage:196 - Search for loadable plugins [exclusion list=, ]
2024-02-25 19:00:11,397 [INFO] PluginManage:310 - Check plugin analytics
2024-02-25 19:00:11,664 [INFO] AnalyticsPlugin:253 - Accepted Software Licenses: 
2024-02-25 19:00:11,664 [INFO] AnalyticsPlugin:255 - Accepted CMSIS Pack Licenses: 
2024-02-25 19:00:11,664 [INFO] AnalyticsPlugin:257 - Accepted Firmware Licenses: 
2024-02-25 19:00:11,671 [INFO] PluginManage:359 - Loaded plugin analytics (category:tool,tabindex:-1)
2024-02-25 19:00:11,671 [INFO] PluginManage:310 - Check plugin cadmodel
2024-02-25 19:00:11,677 [INFO] CADModel:105 - Init CAD model plugin
2024-02-25 19:00:11,677 [INFO] PluginManage:359 - Loaded plugin cadmodel (category:power,tabindex:5)
2024-02-25 19:00:11,677 [INFO] PluginManage:310 - Check plugin clock
2024-02-25 19:00:11,689 [INFO] PluginManage:359 - Loaded plugin clock (category:base,tabindex:2)
2024-02-25 19:00:11,689 [INFO] PluginManage:310 - Check plugin ddr
2024-02-25 19:00:11,692 [INFO] PluginManage:359 - Loaded plugin ddr (category:tool,tabindex:6)
2024-02-25 19:00:11,692 [INFO] PluginManage:310 - Check plugin filemanager
2024-02-25 19:00:11,893 [INFO] PluginManage:359 - Loaded plugin filemanager (category:base,tabindex:10)
2024-02-25 19:00:11,893 [INFO] PluginManage:310 - Check plugin ipmanager
2024-02-25 19:00:11,902 [INFO] PluginManage:359 - Loaded plugin ipmanager (category:base,tabindex:5)
2024-02-25 19:00:11,902 [INFO] PluginManage:310 - Check plugin lpbam
2024-02-25 19:00:11,912 [INFO] PluginManage:359 - Loaded plugin lpbam (category:base,tabindex:0)
2024-02-25 19:00:11,912 [INFO] PluginManage:310 - Check plugin memorymap
2024-02-25 19:00:11,936 [INFO] PluginManage:359 - Loaded plugin memorymap (category:base,tabindex:4)
2024-02-25 19:00:11,936 [INFO] PluginManage:310 - Check plugin pinoutandconfiguration
2024-02-25 19:00:11,948 [INFO] PluginManage:359 - Loaded plugin pinoutandconfiguration (category:base,tabindex:1)
2024-02-25 19:00:11,948 [INFO] PluginManage:310 - Check plugin pinoutconfig
2024-02-25 19:00:12,082 [WARN] SupportedApi:132 - Cannot load RTOS API schema: s4s-elt-must-match.1: The content of 'definitions' must match (annotation?, (simpleType | complexType)?, (unique | key | keyref)*)). A problem was found starting at: attribute.
2024-02-25 19:00:12,473 [INFO] PluginManage:359 - Loaded plugin pinoutconfig (category:base,tabindex:0)
2024-02-25 19:00:12,474 [INFO] PluginManage:310 - Check plugin power
2024-02-25 19:00:12,486 [INFO] PluginManage:359 - Loaded plugin power (category:power,tabindex:4)
2024-02-25 19:00:12,487 [INFO] PluginManage:310 - Check plugin projectmanager
2024-02-25 19:00:12,542 [INFO] PluginManage:359 - Loaded plugin projectmanager (category:projectmanager,tabindex:3)
2024-02-25 19:00:12,542 [INFO] PluginManage:310 - Check plugin thirdparty
2024-02-25 19:00:12,724 [INFO] PluginManage:359 - Loaded plugin thirdparty (category:base,tabindex:-1)
2024-02-25 19:00:12,725 [INFO] PluginManage:310 - Check plugin tools
2024-02-25 19:00:12,724 [WARN] IntegrityCheckThread:84 - waiting for thirdparty lock release [integrity check]
2024-02-25 19:00:12,725 [INFO] IntegrityCheckThread:86 - entering critical section [integrity check]
2024-02-25 19:00:12,726 [INFO] ThirdPartyUpdaterWithRetryManager:70 - Updater plugin not ready yet. [1/15]
2024-02-25 19:00:12,728 [INFO] PluginManage:359 - Loaded plugin tools (category:base,tabindex:7)
2024-02-25 19:00:12,728 [INFO] PluginManage:310 - Check plugin tutovideos
2024-02-25 19:00:12,901 [INFO] PluginManage:359 - Loaded plugin tutovideos (category:base,tabindex:-1)
2024-02-25 19:00:12,902 [INFO] PluginManage:310 - Check plugin updater
2024-02-25 19:00:12,914 [INFO] PluginManage:359 - Loaded plugin updater (category:base,tabindex:12)
2024-02-25 19:00:12,914 [INFO] PluginManage:310 - Check plugin userauth
2024-02-25 19:00:12,919 [INFO] UserAuth:114 - Init User Auth plugin
2024-02-25 19:00:12,919 [INFO] PluginManage:359 - Loaded plugin userauth (category:base,tabindex:14)
2024-02-25 19:00:12,919 [INFO] PluginManage:283 - PluginManage : Loaded plugins [17]
2024-02-25 19:00:13,199 [INFO] PinOutPanel:1499 - setPackage(No Configuration,No Configuration)
2024-02-25 19:00:13,286 [INFO] CADModel:165 - CPN selected for project level
2024-02-25 19:00:13,286 [INFO] CADModel:114 - Register for checkConnection events
2024-02-25 19:00:13,306 [INFO] IPUIPlugin:80 - create IPUIPlugin
2024-02-25 19:00:13,306 [INFO] PluginManager:220 - loadIPPluginJar : add adc
2024-02-25 19:00:13,310 [INFO] IPUIPlugin:80 - create IPUIPlugin
2024-02-25 19:00:13,310 [INFO] PluginManager:220 - loadIPPluginJar : add aes
2024-02-25 19:00:13,314 [INFO] IPUIPlugin:80 - create IPUIPlugin
2024-02-25 19:00:13,314 [INFO] PluginManager:220 - loadIPPluginJar : add can
2024-02-25 19:00:13,316 [INFO] IPUIPlugin:80 - create IPUIPlugin
2024-02-25 19:00:13,316 [INFO] PluginManager:220 - loadIPPluginJar : add comp
2024-02-25 19:00:13,319 [INFO] IPUIPlugin:80 - create IPUIPlugin
2024-02-25 19:00:13,319 [INFO] PluginManager:220 - loadIPPluginJar : add cryp
2024-02-25 19:00:13,323 [INFO] IPUIPlugin:80 - create IPUIPlugin
2024-02-25 19:00:13,323 [INFO] PluginManager:220 - loadIPPluginJar : add dfsdm
2024-02-25 19:00:13,328 [INFO] IPUIPlugin:80 - create IPUIPlugin
2024-02-25 19:00:13,329 [INFO] PluginManager:220 - loadIPPluginJar : add dma
2024-02-25 19:00:13,333 [INFO] IPUIPlugin:80 - create IPUIPlugin
2024-02-25 19:00:13,333 [INFO] PluginManager:220 - loadIPPluginJar : add dma3
2024-02-25 19:00:13,335 [INFO] IPUIPlugin:80 - create IPUIPlugin
2024-02-25 19:00:13,336 [INFO] PluginManager:220 - loadIPPluginJar : add fatfs
2024-02-25 19:00:13,340 [INFO] IPUIPlugin:80 - create IPUIPlugin
2024-02-25 19:00:13,341 [INFO] PluginManager:220 - loadIPPluginJar : add fmc
2024-02-25 19:00:13,347 [INFO] IPUIPlugin:80 - create IPUIPlugin
2024-02-25 19:00:13,347 [INFO] PluginManager:220 - loadIPPluginJar : add freertos
2024-02-25 19:00:13,350 [INFO] IPUIPlugin:80 - create IPUIPlugin
2024-02-25 19:00:13,350 [INFO] PluginManager:220 - loadIPPluginJar : add genericplugin
2024-02-25 19:00:13,353 [INFO] IPUIPlugin:80 - create IPUIPlugin
2024-02-25 19:00:13,353 [INFO] PluginManager:220 - loadIPPluginJar : add gfxmmu
2024-02-25 19:00:13,358 [INFO] IPUIPlugin:80 - create IPUIPlugin
2024-02-25 19:00:13,358 [INFO] PluginManager:220 - loadIPPluginJar : add gic
2024-02-25 19:00:13,363 [INFO] IPUIPlugin:80 - create IPUIPlugin
2024-02-25 19:00:13,363 [INFO] PluginManager:220 - loadIPPluginJar : add gpio
2024-02-25 19:00:13,368 [INFO] IPUIPlugin:80 - create IPUIPlugin
2024-02-25 19:00:13,368 [INFO] PluginManager:220 - loadIPPluginJar : add gtzc
2024-02-25 19:00:13,370 [INFO] IPUIPlugin:80 - create IPUIPlugin
2024-02-25 19:00:13,371 [INFO] PluginManager:220 - loadIPPluginJar : add hash
2024-02-25 19:00:13,373 [INFO] IPUIPlugin:80 - create IPUIPlugin
2024-02-25 19:00:13,373 [INFO] PluginManager:220 - loadIPPluginJar : add i2c
2024-02-25 19:00:13,376 [INFO] IPUIPlugin:80 - create IPUIPlugin
2024-02-25 19:00:13,376 [INFO] PluginManager:220 - loadIPPluginJar : add i2s
2024-02-25 19:00:13,382 [INFO] IPUIPlugin:80 - create IPUIPlugin
2024-02-25 19:00:13,382 [INFO] PluginManager:220 - loadIPPluginJar : add i3c
2024-02-25 19:00:13,386 [INFO] IPUIPlugin:80 - create IPUIPlugin
2024-02-25 19:00:13,387 [INFO] PluginManager:220 - loadIPPluginJar : add ipddr
2024-02-25 19:00:13,394 [INFO] IPUIPlugin:80 - create IPUIPlugin
2024-02-25 19:00:13,394 [INFO] PluginManager:220 - loadIPPluginJar : add linkedlist
2024-02-25 19:00:13,401 [INFO] IPUIPlugin:80 - create IPUIPlugin
2024-02-25 19:00:13,401 [INFO] PluginManager:220 - loadIPPluginJar : add lorawan
2024-02-25 19:00:13,403 [INFO] IPUIPlugin:80 - create IPUIPlugin
2024-02-25 19:00:13,403 [INFO] PluginManager:220 - loadIPPluginJar : add ltdc
2024-02-25 19:00:13,408 [INFO] IPUIPlugin:80 - create IPUIPlugin
2024-02-25 19:00:13,409 [INFO] PluginManager:220 - loadIPPluginJar : add mdma
2024-02-25 19:00:13,414 [INFO] IPUIPlugin:80 - create IPUIPlugin
2024-02-25 19:00:13,414 [INFO] PluginManager:220 - loadIPPluginJar : add nvic
2024-02-25 19:00:13,417 [INFO] IPUIPlugin:80 - create IPUIPlugin
2024-02-25 19:00:13,418 [INFO] PluginManager:220 - loadIPPluginJar : add opamp
2024-02-25 19:00:13,422 [INFO] IPUIPlugin:80 - create IPUIPlugin
2024-02-25 19:00:13,422 [INFO] PluginManager:220 - loadIPPluginJar : add openamp
2024-02-25 19:00:13,426 [INFO] IPUIPlugin:80 - create IPUIPlugin
2024-02-25 19:00:13,426 [INFO] PluginManager:220 - loadIPPluginJar : add pdm2pcm
2024-02-25 19:00:13,434 [INFO] IPUIPlugin:80 - create IPUIPlugin
2024-02-25 19:00:13,438 [INFO] PluginManager:220 - loadIPPluginJar : add plateformsettings
2024-02-25 19:00:13,440 [INFO] IPUIPlugin:80 - create IPUIPlugin
2024-02-25 19:00:13,440 [INFO] PluginManager:220 - loadIPPluginJar : add quadspi
2024-02-25 19:00:13,444 [INFO] IPUIPlugin:80 - create IPUIPlugin
2024-02-25 19:00:13,444 [INFO] PluginManager:220 - loadIPPluginJar : add resmgrutility
2024-02-25 19:00:13,452 [INFO] IPUIPlugin:80 - create IPUIPlugin
2024-02-25 19:00:13,452 [INFO] PluginManager:220 - loadIPPluginJar : add sai
2024-02-25 19:00:13,456 [INFO] IPUIPlugin:80 - create IPUIPlugin
2024-02-25 19:00:13,456 [INFO] PluginManager:220 - loadIPPluginJar : add spi
2024-02-25 19:00:13,465 [INFO] IPUIPlugin:80 - create IPUIPlugin
2024-02-25 19:00:13,466 [INFO] PluginManager:220 - loadIPPluginJar : add stm32_wpan
2024-02-25 19:00:13,468 [INFO] IPUIPlugin:80 - create IPUIPlugin
2024-02-25 19:00:13,469 [INFO] PluginManager:220 - loadIPPluginJar : add tim
2024-02-25 19:00:13,473 [INFO] IPUIPlugin:80 - create IPUIPlugin
2024-02-25 19:00:13,473 [INFO] PluginManager:220 - loadIPPluginJar : add touchsensing
2024-02-25 19:00:13,475 [INFO] IPUIPlugin:80 - create IPUIPlugin
2024-02-25 19:00:13,475 [INFO] PluginManager:220 - loadIPPluginJar : add tracer_emb
2024-02-25 19:00:13,477 [INFO] IPUIPlugin:80 - create IPUIPlugin
2024-02-25 19:00:13,477 [INFO] PluginManager:220 - loadIPPluginJar : add ts
2024-02-25 19:00:13,480 [INFO] IPUIPlugin:80 - create IPUIPlugin
2024-02-25 19:00:13,480 [INFO] PluginManager:220 - loadIPPluginJar : add tsc
2024-02-25 19:00:13,484 [INFO] IPUIPlugin:80 - create IPUIPlugin
2024-02-25 19:00:13,484 [INFO] PluginManager:220 - loadIPPluginJar : add ucpd
2024-02-25 19:00:13,489 [INFO] IPUIPlugin:80 - create IPUIPlugin
2024-02-25 19:00:13,489 [INFO] PluginManager:220 - loadIPPluginJar : add usart
2024-02-25 19:00:13,494 [INFO] IPUIPlugin:80 - create IPUIPlugin
2024-02-25 19:00:13,494 [INFO] PluginManager:220 - loadIPPluginJar : add usbx
2024-02-25 19:00:13,680 [INFO] CADModel:165 - CPN selected for project level
2024-02-25 19:00:13,680 [INFO] CADModel:114 - Register for checkConnection events
2024-02-25 19:00:13,681 [FATAL] Updater:308 - Updater called before beeing initialized
2024-02-25 19:00:13,681 [ERROR] CADModel:125 - Updater not yet initialized, retry later 
2024-02-25 19:00:13,872 [INFO] CADModel:165 - CPN selected for project level
2024-02-25 19:00:13,872 [INFO] CADModel:114 - Register for checkConnection events
2024-02-25 19:00:13,872 [FATAL] Updater:308 - Updater called before beeing initialized
2024-02-25 19:00:13,872 [ERROR] CADModel:125 - Updater not yet initialized, retry later 
2024-02-25 19:00:13,875 [FATAL] Updater:308 - Updater called before beeing initialized
2024-02-25 19:00:14,060 [FATAL] Updater:308 - Updater called before beeing initialized
2024-02-25 19:00:14,067 [INFO] DbMcusAds:53 - JSON generation date=Thu Sep 30 09:55:09 MSK 2021 (1632984909247)
2024-02-25 19:00:14,067 [FATAL] Updater:308 - Updater called before beeing initialized
2024-02-25 19:00:14,110 [WARN] DetailPanel:346 - Failed to get advertising image, set to default
2024-02-25 19:00:14,247 [FATAL] Updater:308 - Updater called before beeing initialized
2024-02-25 19:00:14,250 [FATAL] Updater:308 - Updater called before beeing initialized
2024-02-25 19:00:14,250 [FATAL] Updater:308 - Updater called before beeing initialized
2024-02-25 19:00:14,250 [WARN] DetailPanel:346 - Failed to get advertising image, set to default
2024-02-25 19:00:14,252 [FATAL] Updater:308 - Updater called before beeing initialized
2024-02-25 19:00:14,375 [ERROR] Updater:1120 - MainUpdater not yet initialized. External WinMGr cannot be set.
2024-02-25 19:00:14,382 [INFO] Updater:1056 - Updater Version found : 6.10.0
2024-02-25 19:00:14,433 [INFO] ApplicationProperties:184 - Using Application install path: C:\ST\STM32CubeIDE_1.14.0\STM32CubeIDE\plugins\com.st.stm32cube.common.mx_6.10.0.202311202037
2024-02-25 19:00:15,727 [INFO] ThirdPartyUpdaterWithRetryManager:70 - Updater plugin not ready yet. [2/15]
2024-02-25 19:00:16,021 [ERROR] LogOutputStream:75 - [STDERR_REDIRECT] Feb 25, 2024 7:00:16 PM java.util.prefs.WindowsPreferences <init>
2024-02-25 19:00:16,024 [ERROR] LogOutputStream:75 - [STDERR_REDIRECT] WARNING: Could not open/create prefs root node Software\JavaSoft\Prefs at root 0xffffffff80000002. Windows RegCreateKeyEx(...) returned error code 5.
2024-02-25 19:00:16,024 [ERROR] LogOutputStream:75 - [STDERR_REDIRECT] 
2024-02-25 19:00:16,046 [INFO] MainUpdater:526 - Copy updater definitions from MX database
2024-02-25 19:00:16,091 [INFO] MainUpdater:559 - Copy flag file definitions from MX database
2024-02-25 19:00:16,109 [INFO] MainUpdater:575 - Copy thirdparty index definitions from MX database
2024-02-25 19:00:16,111 [INFO] MainUpdater:594 - Copy default thirdparty db definitions from MX database
2024-02-25 19:00:18,516 [INFO] MainUpdater:2873 - connection check result : 10
2024-02-25 19:00:18,517 [INFO] MainUpdater:3567 - Updater definition file requires update
2024-02-25 19:00:18,518 [INFO] MainUpdater:290 - Updater Check For Update Now.
2024-02-25 19:00:18,518 [INFO] MicroXplorer:498 - Change Database Version : DB.6.0.100
2024-02-25 19:00:18,525 [INFO] McuFinderGlobals:63 - Set McuFinder mode to 2 (CubeIDE integrated)
2024-02-25 19:00:18,525 [INFO] UserAuth:180 - activating auth plugin
2024-02-25 19:00:18,528 [INFO] UserAuth:404 - Internet connection configuration mode: 1
2024-02-25 19:00:18,541 [INFO] JxBrowserEngine:152 - Initiate JxBrowser Engine with user profile folder
2024-02-25 19:00:18,730 [WARN] MainUpdater:1194 - Updater busy. Cannot search thirdparties
2024-02-25 19:00:18,731 [INFO] ThirdPartyUpdaterWithRetryManager:96 - Updater plugin is busy. [1/15]
2024-02-25 19:00:20,400 [INFO] ServerAccessManage:473 - Download File updaters.zip
2024-02-25 19:00:20,714 [INFO] FileExtend:240 - Unzip File : updaters.zip
2024-02-25 19:00:20,715 [INFO] FileExtend:255 - Standard Zip Deflate
2024-02-25 19:00:21,266 [INFO] ServerAccessManage:473 - Download File PacksControlFlags.xml
2024-02-25 19:00:21,506 [INFO] ServerAccessManage:473 - Download File cubemx.pidx
2024-02-25 19:00:21,690 [INFO] ServerAccessManage:473 - Download File STMicroelectronics.FP-ATR-ASTRA1.pdsc
2024-02-25 19:00:21,744 [WARN] MainUpdater:1194 - Updater busy. Cannot search thirdparties
2024-02-25 19:00:21,744 [INFO] ThirdPartyUpdaterWithRetryManager:96 - Updater plugin is busy. [2/15]
2024-02-25 19:00:21,862 [INFO] ServerAccessManage:473 - Download File STMicroelectronics.FP-ATR-SIGFOX1.pdsc
2024-02-25 19:00:21,949 [INFO] ServerAccessManage:473 - Download File STMicroelectronics.FP-SNS-FLIGHT1.pdsc
2024-02-25 19:00:22,125 [INFO] ServerAccessManage:473 - Download File STMicroelectronics.FP-SNS-MOTENV1.pdsc
2024-02-25 19:00:22,284 [INFO] ServerAccessManage:473 - Download File STMicroelectronics.FP-SNS-MOTENVWB1.pdsc
2024-02-25 19:00:22,461 [INFO] ServerAccessManage:473 - Download File STMicroelectronics.FP-SNS-SMARTAG2.pdsc
2024-02-25 19:00:22,544 [INFO] ServerAccessManage:473 - Download File STMicroelectronics.X-CUBE-AI.pdsc
2024-02-25 19:00:23,145 [INFO] ServerAccessManage:473 - Download File STMicroelectronics.X-CUBE-ALS.pdsc
2024-02-25 19:00:23,614 [INFO] ServerAccessManage:473 - Download File STMicroelectronics.X-CUBE-BLE1.pdsc
2024-02-25 19:00:24,303 [ERROR] ServerAccessManage:1089 - Problem, file not found on Server
2024-02-25 19:00:24,355 [INFO] ServerAccessManage:473 - Download File STMicroelectronics.X-CUBE-BLE2.pdsc
2024-02-25 19:00:24,714 [INFO] ServerAccessManage:473 - Download File STMicroelectronics.X-CUBE-BLEMGR.pdsc
2024-02-25 19:00:24,745 [WARN] MainUpdater:1194 - Updater busy. Cannot search thirdparties
2024-02-25 19:00:24,745 [INFO] ThirdPartyUpdaterWithRetryManager:96 - Updater plugin is busy. [3/15]
2024-02-25 19:00:25,006 [INFO] ServerAccessManage:473 - Download File STMicroelectronics.X-CUBE-DISPLAY.pdsc
2024-02-25 19:00:25,309 [INFO] ServerAccessManage:473 - Download File STMicroelectronics.X-CUBE-EEPRMA1.pdsc
2024-02-25 19:00:25,572 [INFO] WebApp:161 - Instantiating new browser for Auth
2024-02-25 19:00:25,592 [ERROR] ServerAccessManage:1089 - Problem, file not found on Server
2024-02-25 19:00:25,911 [ERROR] ServerAccessManage:1089 - Problem, file not found on Server
2024-02-25 19:00:26,064 [INFO] ServerAccessManage:473 - Download File STMicroelectronics.X-CUBE-FREERTOS.pdsc
2024-02-25 19:00:26,233 [INFO] ServerAccessManage:473 - Download File STMicroelectronics.X-CUBE-GNSS1.pdsc
2024-02-25 19:00:26,388 [INFO] WebApp:780 - Register for checkConnection events
2024-02-25 19:00:26,388 [INFO] WebApp:414 - Apply proxy settings
2024-02-25 19:00:26,389 [INFO] WebApp:499 - Chromium requires no authentication
2024-02-25 19:00:26,395 [INFO] WebApp:442 - Direct internet connection detected
2024-02-25 19:00:26,574 [INFO] WebApp:192 - Starting web application
2024-02-25 19:00:26,574 [INFO] WebApp:544 - Web application path used C:\ST\STM32CubeIDE_1.14.0\STM32CubeIDE\plugins\com.st.stm32cube.common.mx_6.10.0.202311202037\db\plugins\mcufinder\reactClient1\index.html
2024-02-25 19:00:26,826 [ERROR] ServerAccessManage:1089 - Problem, file not found on Server
2024-02-25 19:00:27,076 [ERROR] ServerAccessManage:1089 - Problem, file not found on Server
2024-02-25 19:00:27,314 [ERROR] ServerAccessManage:1089 - Problem, file not found on Server
2024-02-25 19:00:27,573 [ERROR] ServerAccessManage:1089 - Problem, file not found on Server
2024-02-25 19:00:27,746 [WARN] MainUpdater:1194 - Updater busy. Cannot search thirdparties
2024-02-25 19:00:27,746 [INFO] ThirdPartyUpdaterWithRetryManager:96 - Updater plugin is busy. [4/15]
2024-02-25 19:00:27,798 [ERROR] ServerAccessManage:1089 - Problem, file not found on Server
2024-02-25 19:00:28,035 [ERROR] ServerAccessManage:1089 - Problem, file not found on Server
2024-02-25 19:00:28,076 [INFO] ServerAccessManage:473 - Download File STMicroelectronics.X-CUBE-ISPU.pdsc
2024-02-25 19:00:28,262 [INFO] ServerAccessManage:473 - Download File STMicroelectronics.X-CUBE-MEMS1.pdsc
2024-02-25 19:00:29,535 [INFO] ServerAccessManage:473 - Download File STMicroelectronics.X-CUBE-NFC4.pdsc
2024-02-25 19:00:30,217 [INFO] ServerAccessManage:473 - Download File STMicroelectronics.X-CUBE-NFC6.pdsc
2024-02-25 19:00:30,317 [INFO] ServerAccessManage:473 - Download File STMicroelectronics.X-CUBE-NFC7.pdsc
2024-02-25 19:00:30,470 [INFO] ServerAccessManage:473 - Download File STMicroelectronics.X-CUBE-SFXS2LP1.pdsc
2024-02-25 19:00:30,712 [INFO] ServerAccessManage:473 - Download File STMicroelectronics.X-CUBE-SUBG2.pdsc
2024-02-25 19:00:30,747 [WARN] MainUpdater:1194 - Updater busy. Cannot search thirdparties
2024-02-25 19:00:30,747 [INFO] ThirdPartyUpdaterWithRetryManager:96 - Updater plugin is busy. [5/15]
2024-02-25 19:00:31,212 [INFO] ServerAccessManage:473 - Download File STMicroelectronics.X-CUBE-SMBUS.pdsc
2024-02-25 19:00:31,515 [ERROR] ServerAccessManage:1089 - Problem, file not found on Server
2024-02-25 19:00:31,560 [INFO] ServerAccessManage:473 - Download File STMicroelectronics.X-CUBE-TOF1.pdsc
2024-02-25 19:00:32,303 [ERROR] ServerAccessManage:1089 - Problem, file not found on Server
2024-02-25 19:00:32,388 [INFO] ServerAccessManage:473 - Download File STMicroelectronics.X-CUBE-TOUCHGFX.pdsc
2024-02-25 19:00:33,277 [INFO] ServerAccessManage:473 - Download File STMicroelectronics.X-CUBE-ALGOBUILD.pdsc
2024-02-25 19:00:33,541 [INFO] ServerAccessManage:473 - Download File STMicroelectronics.X-CUBE-AZRTOS-H7.pdsc
2024-02-25 19:00:33,748 [WARN] MainUpdater:1194 - Updater busy. Cannot search thirdparties
2024-02-25 19:00:33,748 [INFO] ThirdPartyUpdaterWithRetryManager:96 - Updater plugin is busy. [6/15]
2024-02-25 19:00:34,214 [INFO] ServerAccessManage:473 - Download File STMicroelectronics.X-CUBE-AZRTOS-F4.pdsc
2024-02-25 19:00:34,615 [INFO] ServerAccessManage:473 - Download File STMicroelectronics.X-CUBE-AZRTOS-F7.pdsc
2024-02-25 19:00:34,950 [INFO] ServerAccessManage:473 - Download File STMicroelectronics.X-CUBE-AZRTOS-L4.pdsc
2024-02-25 19:00:35,278 [INFO] ServerAccessManage:473 - Download File STMicroelectronics.X-CUBE-AZRTOS-L5.pdsc
2024-02-25 19:00:35,624 [INFO] ServerAccessManage:473 - Download File STMicroelectronics.X-CUBE-AZRTOS-G0.pdsc
2024-02-25 19:00:35,924 [INFO] ServerAccessManage:473 - Download File STMicroelectronics.X-CUBE-AZRTOS-G4.pdsc
2024-02-25 19:00:36,180 [INFO] ServerAccessManage:473 - Download File STMicroelectronics.X-CUBE-AZRTOS-WB.pdsc
2024-02-25 19:00:36,623 [INFO] ServerAccessManage:473 - Download File STMicroelectronics.X-CUBE-AZRTOS-WL.pdsc
2024-02-25 19:00:36,749 [WARN] MainUpdater:1194 - Updater busy. Cannot search thirdparties
2024-02-25 19:00:36,749 [INFO] ThirdPartyUpdaterWithRetryManager:96 - Updater plugin is busy. [7/15]
2024-02-25 19:00:37,444 [INFO] ServerAccessManage:473 - Download File wolfSSL.I-CUBE-wolfSSL.pdsc
2024-02-25 19:00:39,750 [WARN] MainUpdater:1194 - Updater busy. Cannot search thirdparties
2024-02-25 19:00:39,750 [INFO] ThirdPartyUpdaterWithRetryManager:96 - Updater plugin is busy. [8/15]
2024-02-25 19:00:42,063 [ERROR] ServerAccessManage:1089 - Problem, file not found on Server
2024-02-25 19:00:42,495 [ERROR] ServerAccessManage:1089 - Problem, file not found on Server
2024-02-25 19:00:42,751 [WARN] MainUpdater:1194 - Updater busy. Cannot search thirdparties
2024-02-25 19:00:42,751 [INFO] ThirdPartyUpdaterWithRetryManager:96 - Updater plugin is busy. [9/15]
2024-02-25 19:00:42,923 [ERROR] ServerAccessManage:1089 - Problem, file not found on Server
2024-02-25 19:00:43,634 [ERROR] ServerAccessManage:1096 - Problem, Http access forbiden
2024-02-25 19:00:43,635 [ERROR] ServerAccessManage:651 - Problem, Http access forbiden : RoweBots.I-CUBE-UNISONRTOS.pdsc.
2024-02-25 19:00:43,961 [INFO] ServerAccessManage:473 - Download File SEGGER.I-CUBE-embOS.pdsc
2024-02-25 19:00:44,746 [ERROR] ServerAccessManage:1172 - Problem during Server Connection :  IO error PKIX path building failed: sun.security.provider.certpath.SunCertPathBuilderException: unable to find valid certification path to requested target
2024-02-25 19:00:44,746 [ERROR] ServerAccessManage:651 - Problem during Server Connection :  : portGmbH.I-Cube-SoM-uGOAL.pdsc.
2024-02-25 19:00:45,062 [INFO] ServerAccessManage:473 - Download File emotas.I-CUBE-CANOPEN.pdsc
2024-02-25 19:00:45,752 [WARN] MainUpdater:1194 - Updater busy. Cannot search thirdparties
2024-02-25 19:00:45,752 [INFO] ThirdPartyUpdaterWithRetryManager:96 - Updater plugin is busy. [10/15]
2024-02-25 19:00:46,118 [INFO] ServerAccessManage:473 - Download File WES.I-CUBE-Cesium.pdsc
2024-02-25 19:00:46,795 [ERROR] ServerAccessManage:1089 - Problem, file not found on Server
2024-02-25 19:00:47,123 [ERROR] ServerAccessManage:1089 - Problem, file not found on Server
2024-02-25 19:00:47,938 [ERROR] LogOutputStream:75 - [STDERR_REDIRECT] SLF4J: Failed to load class "org.slf4j.impl.StaticLoggerBinder".
2024-02-25 19:00:47,940 [ERROR] LogOutputStream:75 - [STDERR_REDIRECT] SLF4J: Defaulting to no-operation (NOP) logger implementation
2024-02-25 19:00:47,943 [ERROR] LogOutputStream:75 - [STDERR_REDIRECT] SLF4J: See http://www.slf4j.org/codes.html#StaticLoggerBinder for further details.
2024-02-25 19:00:48,184 [INFO] ServerAccessManage:473 - Download File ITTIA_DB.I-CUBE-ITTIADB.pdsc
2024-02-25 19:00:48,753 [WARN] MainUpdater:1194 - Updater busy. Cannot search thirdparties
2024-02-25 19:00:48,753 [INFO] ThirdPartyUpdaterWithRetryManager:96 - Updater plugin is busy. [11/15]
2024-02-25 19:00:51,754 [WARN] MainUpdater:1194 - Updater busy. Cannot search thirdparties
2024-02-25 19:00:51,754 [INFO] ThirdPartyUpdaterWithRetryManager:96 - Updater plugin is busy. [12/15]
2024-02-25 19:00:51,919 [INFO] ServerAccessManage:473 - Download File Infineon.AIROC-Wi-Fi-Bluetooth-STM32.pdsc
2024-02-25 19:00:53,569 [WARN] PackLoader:240 - Cannot read IP mode file for STMicroelectronics.FP-ATR-ASTRA1.2.0.0
2024-02-25 19:00:53,578 [WARN] PackLoader:240 - Cannot read IP mode file for STMicroelectronics.FP-ATR-SIGFOX1.3.2.0
2024-02-25 19:00:53,583 [WARN] CheckServerUpdateThread:151 - Open CheckUpdateFile Fail
2024-02-25 19:00:53,591 [WARN] PackLoader:240 - Cannot read IP mode file for STMicroelectronics.FP-SNS-FLIGHT1.5.0.2
2024-02-25 19:00:53,615 [WARN] PackLoader:240 - Cannot read IP mode file for STMicroelectronics.FP-SNS-MOTENV1.4.3.2
2024-02-25 19:00:53,637 [WARN] PackLoader:240 - Cannot read IP mode file for STMicroelectronics.FP-SNS-MOTENVWB1.1.3.1
2024-02-25 19:00:53,652 [WARN] PackLoader:240 - Cannot read IP mode file for STMicroelectronics.FP-SNS-SMARTAG2.1.2.0
2024-02-25 19:00:53,662 [WARN] PackLoader:240 - Cannot read IP mode file for STMicroelectronics.X-CUBE-AI.8.1.0
2024-02-25 19:00:53,673 [WARN] PackLoader:240 - Cannot read IP mode file for STMicroelectronics.X-CUBE-ALS.1.0.1
2024-02-25 19:00:53,686 [WARN] PackLoader:240 - Cannot read IP mode file for STMicroelectronics.X-CUBE-BLE1.7.0.0
2024-02-25 19:00:53,694 [WARN] PackLoader:240 - Cannot read IP mode file for STMicroelectronics.X-CUBE-BLE2.3.3.0
2024-02-25 19:00:53,724 [WARN] PackLoader:240 - Cannot read IP mode file for STMicroelectronics.X-CUBE-BLEMGR.3.0.0
2024-02-25 19:00:53,764 [WARN] PackLoader:240 - Cannot read IP mode file for STMicroelectronics.X-CUBE-DISPLAY.3.0.0
2024-02-25 19:00:53,791 [INFO] CheckServerUpdateThread:120 - End of CheckServer Thread
2024-02-25 19:00:53,793 [WARN] PackLoader:240 - Cannot read IP mode file for STMicroelectronics.X-CUBE-EEPRMA1.5.1.0
2024-02-25 19:00:53,807 [WARN] PackLoader:240 - Cannot read IP mode file for STMicroelectronics.X-CUBE-FREERTOS.1.1.0
2024-02-25 19:00:53,819 [WARN] PackLoader:240 - Cannot read IP mode file for STMicroelectronics.X-CUBE-GNSS1.6.0.0
2024-02-25 19:00:53,832 [WARN] PackLoader:240 - Cannot read IP mode file for STMicroelectronics.X-CUBE-ISPU.2.0.0
2024-02-25 19:00:53,967 [WARN] PackLoader:240 - Cannot read IP mode file for STMicroelectronics.X-CUBE-MEMS1.10.0.0
2024-02-25 19:00:54,275 [WARN] PackLoader:240 - Cannot read IP mode file for STMicroelectronics.X-CUBE-NFC4.3.0.0
2024-02-25 19:00:54,289 [WARN] PackLoader:240 - Cannot read IP mode file for STMicroelectronics.X-CUBE-NFC6.3.0.0
2024-02-25 19:00:54,308 [WARN] PackLoader:240 - Cannot read IP mode file for STMicroelectronics.X-CUBE-NFC7.1.0.1
2024-02-25 19:00:54,336 [WARN] PackLoader:240 - Cannot read IP mode file for STMicroelectronics.X-CUBE-SFXS2LP1.4.0.0
2024-02-25 19:00:54,405 [WARN] PackLoader:240 - Cannot read IP mode file for STMicroelectronics.X-CUBE-SUBG2.5.0.0
2024-02-25 19:00:54,426 [WARN] PackLoader:240 - Cannot read IP mode file for STMicroelectronics.X-CUBE-SMBUS.2.1.0
2024-02-25 19:00:54,484 [WARN] PackLoader:240 - Cannot read IP mode file for STMicroelectronics.X-CUBE-TOF1.3.4.0
2024-02-25 19:00:54,560 [WARN] PackLoader:240 - Cannot read IP mode file for STMicroelectronics.X-CUBE-TOUCHGFX.4.23.0
2024-02-25 19:00:54,569 [WARN] PackLoader:240 - Cannot read IP mode file for STMicroelectronics.X-CUBE-ALGOBUILD.1.3.0
2024-02-25 19:00:54,677 [WARN] PackLoader:240 - Cannot read IP mode file for STMicroelectronics.X-CUBE-AZRTOS-H7.3.2.0
2024-02-25 19:00:54,741 [WARN] PackLoader:240 - Cannot read IP mode file for STMicroelectronics.X-CUBE-AZRTOS-F4.1.1.0
2024-02-25 19:00:54,808 [WARN] PackLoader:240 - Cannot read IP mode file for STMicroelectronics.X-CUBE-AZRTOS-F7.1.1.0
2024-02-25 19:00:54,852 [WARN] ConditionMgr:438 - getConditionDescription Invalid condition id : LAN8742 Phy interface Condition cause : null
2024-02-25 19:00:54,853 [WARN] PackLoader:240 - Cannot read IP mode file for STMicroelectronics.X-CUBE-AZRTOS-L4.2.0.0
2024-02-25 19:00:54,865 [WARN] ConditionMgr:1039 - genDependencies : Invalid condition id : LAN8742 Phy interface Condition cause : null
2024-02-25 19:00:54,865 [WARN] ConditionMgr:1039 - genDependencies : Invalid condition id : LAN8742 Phy interface Condition cause : null
2024-02-25 19:00:54,866 [WARN] ConditionMgr:1039 - genDependencies : Invalid condition id : LAN8742 Phy interface Condition cause : null
2024-02-25 19:00:54,917 [WARN] PackLoader:240 - Cannot read IP mode file for STMicroelectronics.X-CUBE-AZRTOS-L5.2.0.0
2024-02-25 19:00:54,951 [WARN] PackLoader:240 - Cannot read IP mode file for STMicroelectronics.X-CUBE-AZRTOS-G0.1.1.0
2024-02-25 19:00:54,977 [WARN] PackLoader:240 - Cannot read IP mode file for STMicroelectronics.X-CUBE-AZRTOS-G4.2.0.0
2024-02-25 19:00:55,012 [WARN] ConditionMgr:438 - getConditionDescription Invalid condition id : UX DEVICE CLASS RTOS Condition cause : null
2024-02-25 19:00:55,012 [WARN] ConditionMgr:438 - getConditionDescription Invalid condition id : UX DEVICE CLASS RTOS Condition cause : null
2024-02-25 19:00:55,016 [WARN] PackLoader:240 - Cannot read IP mode file for STMicroelectronics.X-CUBE-AZRTOS-WB.2.0.0
2024-02-25 19:00:55,017 [WARN] ConditionMgr:1039 - genDependencies : Invalid condition id : UX DEVICE CLASS RTOS Condition cause : null
2024-02-25 19:00:55,017 [WARN] ConditionMgr:1039 - genDependencies : Invalid condition id : UX DEVICE CLASS RTOS Condition cause : null
2024-02-25 19:00:55,018 [WARN] ConditionMgr:1039 - genDependencies : Invalid condition id : UX DEVICE CLASS RTOS Condition cause : null
2024-02-25 19:00:55,019 [WARN] ConditionMgr:1039 - genDependencies : Invalid condition id : UX DEVICE CLASS RTOS Condition cause : null
2024-02-25 19:00:55,019 [WARN] ConditionMgr:1039 - genDependencies : Invalid condition id : UX DEVICE CLASS RTOS Condition cause : null
2024-02-25 19:00:55,036 [INFO] LogOutputStream:77 - [STDOUT_REDIRECT] 1 : Invalid condition id : UX_CORESTACK_Condition cause : null
2024-02-25 19:00:55,038 [INFO] LogOutputStream:77 - [STDOUT_REDIRECT] 1 : Invalid condition id : UX_CORESTACK_Condition cause : null
2024-02-25 19:00:55,040 [INFO] LogOutputStream:77 - [STDOUT_REDIRECT] 1 : Invalid condition id : UX_CORESTACK_Condition cause : null
2024-02-25 19:00:55,043 [INFO] LogOutputStream:77 - [STDOUT_REDIRECT] 1 : Invalid condition id : UX_CORESTACK_Condition cause : null
2024-02-25 19:00:55,046 [INFO] LogOutputStream:77 - [STDOUT_REDIRECT] 1 : Invalid condition id : UX_CORESTACK_Condition cause : null
2024-02-25 19:00:55,052 [WARN] PackLoader:240 - Cannot read IP mode file for STMicroelectronics.X-CUBE-AZRTOS-WL.2.0.0
2024-02-25 19:00:55,059 [WARN] PackLoader:240 - Cannot read IP mode file for wolfSSL.I-CUBE-wolfSSL.5.6.6
2024-02-25 19:00:55,157 [WARN] PackLoader:240 - Cannot read IP mode file for SEGGER.I-CUBE-embOS.1.3.1
2024-02-25 19:00:55,318 [WARN] PackLoader:240 - Cannot read IP mode file for STMicroelectronics.X-CUBE-SMBUS.2.1.0
2024-02-25 19:00:55,322 [WARN] PackLoader:240 - Cannot read IP mode file for STMicroelectronics.X-CUBE-TOUCHGFX.4.23.0
2024-02-25 19:00:55,342 [WARN] PackLoader:240 - Cannot read IP mode file for emotas.I-CUBE-CANOPEN.1.3.0
2024-02-25 19:00:55,351 [WARN] PackLoader:240 - Cannot read IP mode file for WES.I-CUBE-Cesium.1.3.0
2024-02-25 19:00:55,357 [WARN] PackLoader:240 - Cannot read IP mode file for ITTIA_DB.I-CUBE-ITTIADB.8.8.0
2024-02-25 19:00:55,360 [WARN] PackLoader:240 - Cannot read IP mode file for STMicroelectronics.X-CUBE-AZRTOS-F7.1.1.0
2024-02-25 19:00:55,371 [WARN] PackLoader:240 - Cannot read IP mode file for STMicroelectronics.FP-SNS-MOTENV1.4.3.2
2024-02-25 19:00:55,379 [WARN] PackLoader:240 - Cannot read IP mode file for STMicroelectronics.FP-SNS-FLIGHT1.5.0.2
2024-02-25 19:00:55,395 [WARN] PackLoader:240 - Cannot read IP mode file for STMicroelectronics.X-CUBE-DISPLAY.3.0.0
2024-02-25 19:00:55,407 [WARN] PackLoader:240 - Cannot read IP mode file for Infineon.AIROC-Wi-Fi-Bluetooth-STM32.1.5.1
2024-02-25 19:00:55,408 [WARN] PackLoader:240 - Cannot read IP mode file for STMicroelectronics.X-CUBE-BLE1.7.0.0
2024-02-25 19:00:55,415 [WARN] PackLoader:240 - Cannot read IP mode file for emotas.I-CUBE-CANOPEN.1.3.0
2024-02-25 19:00:55,420 [INFO] PopulateThirdPartyThread:66 - Ending populate Thread
2024-02-25 19:00:55,421 [WARN] PackLoader:240 - Cannot read IP mode file for STMicroelectronics.FP-SNS-SMARTAG2.1.2.0
2024-02-25 19:00:55,423 [INFO] ThirdParty:1030 - CMSIS Pack Vendor :STMicroelectronics X-CUBE-DISPLAY 3.0.0
2024-02-25 19:00:55,424 [INFO] ThirdParty:1030 - CMSIS Pack Vendor :STMicroelectronics X-CUBE-GNSS1 6.0.0
2024-02-25 19:00:55,424 [INFO] ThirdParty:1030 - CMSIS Pack Vendor :STMicroelectronics FP-SNS-MOTENVWB1 1.3.1
2024-02-25 19:00:55,424 [INFO] ThirdParty:1030 - CMSIS Pack Vendor :STMicroelectronics X-CUBE-AZRTOS-F4 1.1.0
2024-02-25 19:00:55,424 [INFO] ThirdParty:1030 - CMSIS Pack Vendor :STMicroelectronics FP-ATR-SIGFOX1 3.2.0
2024-02-25 19:00:55,424 [INFO] ThirdParty:1030 - CMSIS Pack Vendor :STMicroelectronics X-CUBE-BLE1 7.0.0
2024-02-25 19:00:55,424 [INFO] ThirdParty:1030 - CMSIS Pack Vendor :STMicroelectronics X-CUBE-SMBUS 2.1.0
2024-02-25 19:00:55,424 [INFO] ThirdParty:1030 - CMSIS Pack Vendor :STMicroelectronics X-CUBE-ISPU 2.0.0
2024-02-25 19:00:55,424 [INFO] ThirdParty:1030 - CMSIS Pack Vendor :STMicroelectronics X-CUBE-EEPRMA1 5.1.0
2024-02-25 19:00:55,424 [INFO] ThirdParty:1030 - CMSIS Pack Vendor :STMicroelectronics X-CUBE-AZRTOS-WB 2.0.0
2024-02-25 19:00:55,424 [INFO] ThirdParty:1030 - CMSIS Pack Vendor :emotas I-CUBE-CANOPEN 1.3.0
2024-02-25 19:00:55,424 [INFO] ThirdParty:1030 - CMSIS Pack Vendor :STMicroelectronics X-CUBE-MEMS1 10.0.0
2024-02-25 19:00:55,424 [INFO] ThirdParty:1030 - CMSIS Pack Vendor :wolfSSL I-CUBE-wolfSSL 5.6.6
2024-02-25 19:00:55,425 [INFO] ThirdParty:1030 - CMSIS Pack Vendor :STMicroelectronics X-CUBE-FREERTOS 1.1.0
2024-02-25 19:00:55,425 [INFO] ThirdParty:1030 - CMSIS Pack Vendor :STMicroelectronics X-CUBE-NFC7 1.0.1
2024-02-25 19:00:55,425 [INFO] ThirdParty:1030 - CMSIS Pack Vendor :STMicroelectronics X-CUBE-TOUCHGFX 4.23.0
2024-02-25 19:00:55,425 [INFO] ThirdParty:1030 - CMSIS Pack Vendor :STMicroelectronics X-CUBE-AZRTOS-F7 1.1.0
2024-02-25 19:00:55,425 [INFO] ThirdParty:1030 - CMSIS Pack Vendor :STMicroelectronics X-CUBE-AZRTOS-L5 2.0.0
2024-02-25 19:00:55,425 [INFO] ThirdParty:1030 - CMSIS Pack Vendor :STMicroelectronics X-CUBE-NFC6 3.0.0
2024-02-25 19:00:55,425 [INFO] ThirdParty:1030 - CMSIS Pack Vendor :STMicroelectronics X-CUBE-ALS 1.0.1
2024-02-25 19:00:55,425 [INFO] ThirdParty:1030 - CMSIS Pack Vendor :ITTIA_DB I-CUBE-ITTIADB 8.8.0
2024-02-25 19:00:55,426 [INFO] ThirdParty:1030 - CMSIS Pack Vendor :STMicroelectronics FP-SNS-SMARTAG2 1.2.0
2024-02-25 19:00:55,426 [INFO] ThirdParty:1030 - CMSIS Pack Vendor :STMicroelectronics FP-SNS-MOTENV1 4.3.2
2024-02-25 19:00:55,429 [INFO] ThirdParty:1030 - CMSIS Pack Vendor :STMicroelectronics X-CUBE-ALGOBUILD 1.3.0
2024-02-25 19:00:55,431 [INFO] ThirdParty:1030 - CMSIS Pack Vendor :STMicroelectronics X-CUBE-AZRTOS-WL 2.0.0
2024-02-25 19:00:55,431 [INFO] ThirdParty:1030 - CMSIS Pack Vendor :SEGGER I-CUBE-embOS 1.3.1
2024-02-25 19:00:55,431 [INFO] ThirdParty:1030 - CMSIS Pack Vendor :STMicroelectronics X-CUBE-AZRTOS-G0 1.1.0
2024-02-25 19:00:55,431 [INFO] ThirdParty:1030 - CMSIS Pack Vendor :STMicroelectronics X-CUBE-AI 8.1.0
2024-02-25 19:00:55,431 [INFO] ThirdParty:1030 - CMSIS Pack Vendor :STMicroelectronics X-CUBE-NFC4 3.0.0
2024-02-25 19:00:55,431 [INFO] ThirdParty:1030 - CMSIS Pack Vendor :STMicroelectronics X-CUBE-SUBG2 5.0.0
2024-02-25 19:00:55,431 [INFO] ThirdParty:1030 - CMSIS Pack Vendor :STMicroelectronics X-CUBE-AZRTOS-L4 2.0.0
2024-02-25 19:00:55,431 [INFO] ThirdParty:1030 - CMSIS Pack Vendor :STMicroelectronics FP-ATR-ASTRA1 2.0.0
2024-02-25 19:00:55,431 [INFO] ThirdParty:1030 - CMSIS Pack Vendor :WES I-CUBE-Cesium 1.3.0
2024-02-25 19:00:55,431 [INFO] ThirdParty:1030 - CMSIS Pack Vendor :STMicroelectronics X-CUBE-SFXS2LP1 4.0.0
2024-02-25 19:00:55,431 [INFO] ThirdParty:1030 - CMSIS Pack Vendor :STMicroelectronics FP-SNS-FLIGHT1 5.0.2
2024-02-25 19:00:55,431 [INFO] ThirdParty:1030 - CMSIS Pack Vendor :STMicroelectronics X-CUBE-BLE2 3.3.0
2024-02-25 19:00:55,432 [INFO] ThirdParty:1030 - CMSIS Pack Vendor :STMicroelectronics X-CUBE-TOF1 3.4.0
2024-02-25 19:00:55,432 [INFO] ThirdParty:1030 - CMSIS Pack Vendor :STMicroelectronics X-CUBE-AZRTOS-G4 2.0.0
2024-02-25 19:00:55,432 [INFO] ThirdParty:1030 - CMSIS Pack Vendor :STMicroelectronics X-CUBE-AZRTOS-H7 3.2.0
2024-02-25 19:00:55,432 [INFO] ThirdParty:1030 - CMSIS Pack Vendor :Infineon AIROC-Wi-Fi-Bluetooth-STM32 1.5.1
2024-02-25 19:00:55,432 [INFO] ThirdParty:1030 - CMSIS Pack Vendor :STMicroelectronics X-CUBE-BLEMGR 3.0.0
2024-02-25 19:00:55,433 [INFO] LoadServerUpdatesThread:375 - End of LoadServerUpdate Thread
2024-02-25 19:00:55,443 [INFO] LogOutputStream:77 - [STDOUT_REDIRECT] 1 : Invalid condition id : UX_CORESTACK_Condition cause : null
2024-02-25 19:00:55,446 [INFO] LogOutputStream:77 - [STDOUT_REDIRECT] 1 : Invalid condition id : UX_CORESTACK_Condition cause : null
2024-02-25 19:00:55,448 [INFO] LogOutputStream:77 - [STDOUT_REDIRECT] 1 : Invalid condition id : UX_CORESTACK_Condition cause : null
2024-02-25 19:00:55,450 [INFO] LogOutputStream:77 - [STDOUT_REDIRECT] 1 : Invalid condition id : UX_CORESTACK_Condition cause : null
2024-02-25 19:00:55,452 [INFO] LogOutputStream:77 - [STDOUT_REDIRECT] 1 : Invalid condition id : UX_CORESTACK_Condition cause : null
2024-02-25 19:00:55,458 [WARN] PackLoader:240 - Cannot read IP mode file for STMicroelectronics.X-CUBE-AZRTOS-WL.2.0.0
2024-02-25 19:00:55,468 [WARN] PackLoader:240 - Cannot read IP mode file for WES.I-CUBE-Cesium.1.3.0
2024-02-25 19:00:55,475 [WARN] PackLoader:240 - Cannot read IP mode file for STMicroelectronics.X-CUBE-BLE2.3.3.0
2024-02-25 19:00:55,486 [WARN] PackLoader:240 - Cannot read IP mode file for STMicroelectronics.X-CUBE-ALGOBUILD.1.3.0
2024-02-25 19:00:55,516 [WARN] PackLoader:240 - Cannot read IP mode file for STMicroelectronics.X-CUBE-AZRTOS-G0.1.1.0
2024-02-25 19:00:55,528 [WARN] PackLoader:240 - Cannot read IP mode file for STMicroelectronics.X-CUBE-NFC4.3.0.0
2024-02-25 19:00:55,542 [WARN] PackLoader:240 - Cannot read IP mode file for STMicroelectronics.X-CUBE-BLEMGR.3.0.0
2024-02-25 19:00:55,551 [WARN] PackLoader:240 - Cannot read IP mode file for STMicroelectronics.FP-ATR-SIGFOX1.3.2.0
2024-02-25 19:00:55,563 [WARN] PackLoader:240 - Cannot read IP mode file for STMicroelectronics.X-CUBE-EEPRMA1.5.1.0
2024-02-25 19:00:55,622 [WARN] PackLoader:240 - Cannot read IP mode file for SEGGER.I-CUBE-embOS.1.3.1
2024-02-25 19:00:55,784 [WARN] PackLoader:240 - Cannot read IP mode file for STMicroelectronics.X-CUBE-GNSS1.6.0.0
2024-02-25 19:00:55,856 [WARN] PackLoader:240 - Cannot read IP mode file for STMicroelectronics.X-CUBE-AZRTOS-F4.1.1.0
2024-02-25 19:00:55,866 [WARN] PackLoader:240 - Cannot read IP mode file for wolfSSL.I-CUBE-wolfSSL.5.6.6
2024-02-25 19:00:55,948 [WARN] PackLoader:240 - Cannot read IP mode file for STMicroelectronics.X-CUBE-AZRTOS-L5.2.0.0
2024-02-25 19:00:55,998 [WARN] PackLoader:240 - Cannot read IP mode file for ITTIA_DB.I-CUBE-ITTIADB.8.8.0
2024-02-25 19:00:56,008 [WARN] PackLoader:240 - Cannot read IP mode file for STMicroelectronics.X-CUBE-NFC7.1.0.1
2024-02-25 19:00:56,058 [WARN] PackLoader:240 - Cannot read IP mode file for STMicroelectronics.X-CUBE-NFC6.3.0.0
2024-02-25 19:00:56,068 [WARN] PackLoader:240 - Cannot read IP mode file for STMicroelectronics.X-CUBE-AI.8.1.0
2024-02-25 19:00:56,136 [WARN] ConditionMgr:438 - getConditionDescription Invalid condition id : LAN8742 Phy interface Condition cause : null
2024-02-25 19:00:56,137 [WARN] PackLoader:240 - Cannot read IP mode file for STMicroelectronics.X-CUBE-AZRTOS-L4.2.0.0
2024-02-25 19:00:56,139 [WARN] ConditionMgr:1039 - genDependencies : Invalid condition id : LAN8742 Phy interface Condition cause : null
2024-02-25 19:00:56,140 [WARN] ConditionMgr:1039 - genDependencies : Invalid condition id : LAN8742 Phy interface Condition cause : null
2024-02-25 19:00:56,141 [WARN] ConditionMgr:1039 - genDependencies : Invalid condition id : LAN8742 Phy interface Condition cause : null
2024-02-25 19:00:56,153 [WARN] PackLoader:240 - Cannot read IP mode file for STMicroelectronics.X-CUBE-SFXS2LP1.4.0.0
2024-02-25 19:00:56,200 [WARN] ConditionMgr:438 - getConditionDescription Invalid condition id : UX DEVICE CLASS RTOS Condition cause : null
2024-02-25 19:00:56,201 [WARN] ConditionMgr:438 - getConditionDescription Invalid condition id : UX DEVICE CLASS RTOS Condition cause : null
2024-02-25 19:00:56,205 [WARN] PackLoader:240 - Cannot read IP mode file for STMicroelectronics.X-CUBE-AZRTOS-WB.2.0.0
2024-02-25 19:00:56,205 [WARN] ConditionMgr:1039 - genDependencies : Invalid condition id : UX DEVICE CLASS RTOS Condition cause : null
2024-02-25 19:00:56,206 [WARN] ConditionMgr:1039 - genDependencies : Invalid condition id : UX DEVICE CLASS RTOS Condition cause : null
2024-02-25 19:00:56,206 [WARN] ConditionMgr:1039 - genDependencies : Invalid condition id : UX DEVICE CLASS RTOS Condition cause : null
2024-02-25 19:00:56,207 [WARN] ConditionMgr:1039 - genDependencies : Invalid condition id : UX DEVICE CLASS RTOS Condition cause : null
2024-02-25 19:00:56,207 [WARN] ConditionMgr:1039 - genDependencies : Invalid condition id : UX DEVICE CLASS RTOS Condition cause : null
2024-02-25 19:00:56,232 [WARN] PackLoader:240 - Cannot read IP mode file for STMicroelectronics.X-CUBE-SUBG2.5.0.0
2024-02-25 19:00:56,266 [WARN] PackLoader:240 - Cannot read IP mode file for STMicroelectronics.X-CUBE-AZRTOS-G4.2.0.0
2024-02-25 19:00:56,288 [WARN] PackLoader:240 - Cannot read IP mode file for Infineon.AIROC-Wi-Fi-Bluetooth-STM32.1.5.1
2024-02-25 19:00:56,299 [WARN] PackLoader:240 - Cannot read IP mode file for STMicroelectronics.FP-SNS-MOTENVWB1.1.3.1
2024-02-25 19:00:56,304 [WARN] PackLoader:240 - Cannot read IP mode file for STMicroelectronics.X-CUBE-ISPU.2.0.0
2024-02-25 19:00:56,451 [WARN] PackLoader:240 - Cannot read IP mode file for STMicroelectronics.X-CUBE-MEMS1.10.0.0
2024-02-25 19:00:56,679 [WARN] PackLoader:240 - Cannot read IP mode file for STMicroelectronics.X-CUBE-FREERTOS.1.1.0
2024-02-25 19:00:56,686 [WARN] PackLoader:240 - Cannot read IP mode file for STMicroelectronics.X-CUBE-ALS.1.0.1
2024-02-25 19:00:56,690 [WARN] PackLoader:240 - Cannot read IP mode file for STMicroelectronics.FP-ATR-ASTRA1.2.0.0
2024-02-25 19:00:56,708 [WARN] PackLoader:240 - Cannot read IP mode file for STMicroelectronics.X-CUBE-TOF1.3.4.0
2024-02-25 19:00:56,765 [WARN] PackLoader:240 - Cannot read IP mode file for STMicroelectronics.X-CUBE-AZRTOS-H7.3.2.0
2024-02-25 19:00:56,771 [INFO] ThirdParty:978 - Integrity check success = true
2024-02-25 19:00:56,771 [INFO] IntegrityCheckThread:100 - exiting critical section [integrity check]
2024-02-25 19:00:56,771 [INFO] IntegrityCheckThread:103 - End integrity checks thread
2024-02-25 19:11:36,023 [INFO] McuFinderGlobals:63 - Set McuFinder mode to 2 (CubeIDE integrated)
2024-02-25 19:11:36,023 [INFO] UserAuth:180 - activating auth plugin
2024-02-25 19:11:36,025 [INFO] UserAuth:404 - Internet connection configuration mode: 1
2024-02-25 19:12:47,831 [ERROR] LogOutputStream:75 - [STDERR_REDIRECT] Exception in thread "Browser Thread: 01f567f7-de28-42d2-a22a-7534a5801981" java.lang.IllegalStateException
2024-02-25 19:12:47,833 [ERROR] LogOutputStream:75 - [STDERR_REDIRECT] 	at java.base/java.util.Optional.orElseThrow(Optional.java:403)
2024-02-25 19:12:47,836 [ERROR] LogOutputStream:75 - [STDERR_REDIRECT] 	at com.st.microxplorer.plugins.userauth.WebApp.findElementsByTagName(WebApp.java:741)
2024-02-25 19:12:47,839 [ERROR] LogOutputStream:75 - [STDERR_REDIRECT] 	at com.st.microxplorer.plugins.userauth.WebApp.removeUnecessaryTags(WebApp.java:834)
2024-02-25 19:12:47,842 [ERROR] LogOutputStream:75 - [STDERR_REDIRECT] 	at com.st.microxplorer.plugins.userauth.WebApp.lambda$new$9(WebApp.java:197)
2024-02-25 19:12:47,845 [ERROR] LogOutputStream:75 - [STDERR_REDIRECT] 	at com.teamdev.jxbrowser.event.internal.NewObservableHelper.notifyObservers(NewObservableHelper.java:57)
2024-02-25 19:12:47,849 [ERROR] LogOutputStream:75 - [STDERR_REDIRECT] 	at com.teamdev.jxbrowser.internal.rpc.stream.EventStream.dispatch(EventStream.java:74)
2024-02-25 19:12:47,851 [ERROR] LogOutputStream:75 - [STDERR_REDIRECT] 	at com.teamdev.jxbrowser.internal.rpc.stream.EventStream.process(EventStream.java:126)
2024-02-25 19:12:47,853 [ERROR] LogOutputStream:75 - [STDERR_REDIRECT] 	at com.teamdev.jxbrowser.internal.rpc.stream.Stream$StreamObserver.lambda$onNext$0(Stream.java:167)
2024-02-25 19:12:47,855 [ERROR] LogOutputStream:75 - [STDERR_REDIRECT] 	at com.teamdev.jxbrowser.internal.RpcThreadImpl$TaskRunner.processTasks(RpcThreadImpl.java:172)
2024-02-25 19:12:47,857 [ERROR] LogOutputStream:75 - [STDERR_REDIRECT] 	at java.base/java.lang.Thread.run(Thread.java:833)
2024-02-25 19:12:49,704 [INFO] WebApp:612 - userauth.ini deleted or not created
2024-02-25 19:13:29,091 [ERROR] ConfigurationRetriever:142 - IOException on connection: Read timed out
2024-02-25 19:13:30,987 [ERROR] LogOutputStream:75 - [STDERR_REDIRECT] 
2024-02-25 19:13:30,987 [ERROR] LogOutputStream:75 - [STDERR_REDIRECT] 
2024-02-25 19:13:40,015 [INFO] Activator:176 - 


2024-02-25 19:13:40,018 [INFO] Activator:177 - !SESSION log4j initialized
2024-02-25 19:13:43,960 [INFO] LogOutputStream:77 - [STDOUT_REDIRECT] 
2024-02-25 19:13:47,638 [INFO] ApplicationProperties:184 - Using Application install path: C:\ST\STM32CubeIDE_1.14.0\STM32CubeIDE\plugins\com.st.stm32cube.common.mx_6.10.0.202311202037
2024-02-25 19:13:47,664 [INFO] DbMcusXml:78 - Set database path to: C:\ST\STM32CubeIDE_1.14.0\STM32CubeIDE\plugins\com.st.stm32cube.common.mx_6.10.0.202311202037\\db\/mcu/
2024-02-25 19:13:47,664 [INFO] ApiDb:274 - Set plugin database path to: C:\ST\STM32CubeIDE_1.14.0\STM32CubeIDE\plugins\com.st.stm32cube.common.mx_6.10.0.202311202037\\db\/plugins/boardmanager/
2024-02-25 19:13:47,665 [WARN] ApiDb:259 - Overriding images path with different value:  => C:\ST\STM32CubeIDE_1.14.0\STM32CubeIDE\plugins\com.st.stm32cube.common.mx_6.10.0.202311202037\\db\/plugins/mcufinder/images/
2024-02-25 19:13:47,672 [INFO] ApiDb:250 - Set database path to: C:\Users\User\.stmcufinder\plugins\mcufinder//mcu/
2024-02-25 19:13:47,674 [INFO] DbMcusAds:125 - Set database path to: C:\Users\User\.stmcufinder\plugins\mcufinder//mcu/
2024-02-25 19:13:47,677 [INFO] CrossReferenceDbSqlite:203 - Set database path to: C:\Users\User\.stmcufinder\plugins\mcufinder//mcu/cs/
2024-02-25 19:13:47,875 [INFO] RulesReader:64 - Compatibility file has been processed (297 Rules)
2024-02-25 19:13:47,987 [INFO] DbMcusXml:78 - Set database path to: C:\ST\STM32CubeIDE_1.14.0\STM32CubeIDE\plugins\com.st.stm32cube.common.mx_6.10.0.202311202037\\db\/mcu/
2024-02-25 19:13:47,987 [INFO] ApiDb:274 - Set plugin database path to: C:\ST\STM32CubeIDE_1.14.0\STM32CubeIDE\plugins\com.st.stm32cube.common.mx_6.10.0.202311202037\\db\/plugins/boardmanager/
2024-02-25 19:13:47,988 [INFO] ApiDb:261 - Set plugin images path to: C:\ST\STM32CubeIDE_1.14.0\STM32CubeIDE\plugins\com.st.stm32cube.common.mx_6.10.0.202311202037\\db\/plugins/mcufinder/images/
2024-02-25 19:13:47,988 [WARN] DbFile:41 - Overriding database path with different value: C:\Users\User\.stmcufinder\plugins\mcufinder/ => C:\Users\User\.stmcufinder\plugins\mcufinder
2024-02-25 19:13:47,988 [INFO] ApiDb:250 - Set database path to: C:\Users\User\.stmcufinder\plugins\mcufinder//mcu/
2024-02-25 19:13:47,989 [WARN] DbFile:41 - Overriding database path with different value: C:\Users\User\.stmcufinder\plugins\mcufinder/ => C:\Users\User\.stmcufinder\plugins\mcufinder
2024-02-25 19:13:47,989 [INFO] DbMcusAds:125 - Set database path to: C:\Users\User\.stmcufinder\plugins\mcufinder//mcu/
2024-02-25 19:13:47,989 [WARN] DbFile:41 - Overriding database path with different value: C:\Users\User\.stmcufinder\plugins\mcufinder/ => C:\Users\User\.stmcufinder\plugins\mcufinder
2024-02-25 19:13:47,989 [WARN] DbFile:41 - Overriding database path with different value: C:\Users\User\.stmcufinder\plugins\mcufinder/ => C:\Users\User\.stmcufinder\plugins\mcufinder
2024-02-25 19:13:47,990 [INFO] CrossReferenceDbSqlite:203 - Set database path to: C:\Users\User\.stmcufinder\plugins\mcufinder//mcu/cs/
2024-02-25 19:13:48,093 [INFO] MainPanel:264 - HeapMemory: 268435456
2024-02-25 19:13:48,187 [INFO] DbMcusXml:78 - Set database path to: C:\ST\STM32CubeIDE_1.14.0\STM32CubeIDE\plugins\com.st.stm32cube.common.mx_6.10.0.202311202037\\db\/mcu/
2024-02-25 19:13:48,187 [INFO] ApiDb:274 - Set plugin database path to: C:\ST\STM32CubeIDE_1.14.0\STM32CubeIDE\plugins\com.st.stm32cube.common.mx_6.10.0.202311202037\\db\/plugins/boardmanager/
2024-02-25 19:13:48,187 [INFO] ApiDb:261 - Set plugin images path to: C:\ST\STM32CubeIDE_1.14.0\STM32CubeIDE\plugins\com.st.stm32cube.common.mx_6.10.0.202311202037\\db\/plugins/mcufinder/images/
2024-02-25 19:13:48,187 [WARN] DbFile:41 - Overriding database path with different value: C:\Users\User\.stmcufinder\plugins\mcufinder/ => C:\Users\User\.stmcufinder\plugins\mcufinder
2024-02-25 19:13:48,187 [INFO] ApiDb:250 - Set database path to: C:\Users\User\.stmcufinder\plugins\mcufinder//mcu/
2024-02-25 19:13:48,188 [WARN] DbFile:41 - Overriding database path with different value: C:\Users\User\.stmcufinder\plugins\mcufinder/ => C:\Users\User\.stmcufinder\plugins\mcufinder
2024-02-25 19:13:48,188 [INFO] DbMcusAds:125 - Set database path to: C:\Users\User\.stmcufinder\plugins\mcufinder//mcu/
2024-02-25 19:13:48,188 [WARN] DbFile:41 - Overriding database path with different value: C:\Users\User\.stmcufinder\plugins\mcufinder/ => C:\Users\User\.stmcufinder\plugins\mcufinder
2024-02-25 19:13:48,188 [WARN] DbFile:41 - Overriding database path with different value: C:\Users\User\.stmcufinder\plugins\mcufinder/ => C:\Users\User\.stmcufinder\plugins\mcufinder
2024-02-25 19:13:48,188 [INFO] CrossReferenceDbSqlite:203 - Set database path to: C:\Users\User\.stmcufinder\plugins\mcufinder//mcu/cs/
2024-02-25 19:13:48,207 [INFO] ApplicationProperties:184 - Using Application install path: C:\ST\STM32CubeIDE_1.14.0\STM32CubeIDE\plugins\com.st.stm32cube.common.mx_6.10.0.202311202037
2024-02-25 19:13:48,209 [INFO] PluginManage:196 - Search for loadable plugins [exclusion list=, ]
2024-02-25 19:13:48,210 [INFO] PluginManage:310 - Check plugin analytics
2024-02-25 19:13:48,482 [INFO] AnalyticsPlugin:253 - Accepted Software Licenses: 
2024-02-25 19:13:48,482 [INFO] AnalyticsPlugin:255 - Accepted CMSIS Pack Licenses: 
2024-02-25 19:13:48,483 [INFO] AnalyticsPlugin:257 - Accepted Firmware Licenses: 
2024-02-25 19:13:48,488 [INFO] PluginManage:359 - Loaded plugin analytics (category:tool,tabindex:-1)
2024-02-25 19:13:48,488 [INFO] PluginManage:310 - Check plugin cadmodel
2024-02-25 19:13:48,493 [INFO] CADModel:105 - Init CAD model plugin
2024-02-25 19:13:48,494 [INFO] PluginManage:359 - Loaded plugin cadmodel (category:power,tabindex:5)
2024-02-25 19:13:48,494 [INFO] PluginManage:310 - Check plugin clock
2024-02-25 19:13:48,508 [INFO] PluginManage:359 - Loaded plugin clock (category:base,tabindex:2)
2024-02-25 19:13:48,508 [INFO] PluginManage:310 - Check plugin ddr
2024-02-25 19:13:48,513 [INFO] PluginManage:359 - Loaded plugin ddr (category:tool,tabindex:6)
2024-02-25 19:13:48,513 [INFO] PluginManage:310 - Check plugin filemanager
2024-02-25 19:13:48,732 [INFO] PluginManage:359 - Loaded plugin filemanager (category:base,tabindex:10)
2024-02-25 19:13:48,732 [INFO] PluginManage:310 - Check plugin ipmanager
2024-02-25 19:13:48,743 [INFO] PluginManage:359 - Loaded plugin ipmanager (category:base,tabindex:5)
2024-02-25 19:13:48,743 [INFO] PluginManage:310 - Check plugin lpbam
2024-02-25 19:13:48,757 [INFO] PluginManage:359 - Loaded plugin lpbam (category:base,tabindex:0)
2024-02-25 19:13:48,757 [INFO] PluginManage:310 - Check plugin memorymap
2024-02-25 19:13:48,778 [INFO] PluginManage:359 - Loaded plugin memorymap (category:base,tabindex:4)
2024-02-25 19:13:48,778 [INFO] PluginManage:310 - Check plugin pinoutandconfiguration
2024-02-25 19:13:48,789 [INFO] PluginManage:359 - Loaded plugin pinoutandconfiguration (category:base,tabindex:1)
2024-02-25 19:13:48,789 [INFO] PluginManage:310 - Check plugin pinoutconfig
2024-02-25 19:13:48,906 [WARN] SupportedApi:132 - Cannot load RTOS API schema: s4s-elt-must-match.1: The content of 'definitions' must match (annotation?, (simpleType | complexType)?, (unique | key | keyref)*)). A problem was found starting at: attribute.
2024-02-25 19:13:49,083 [INFO] PluginManage:359 - Loaded plugin pinoutconfig (category:base,tabindex:0)
2024-02-25 19:13:49,083 [INFO] PluginManage:310 - Check plugin power
2024-02-25 19:13:49,095 [INFO] PluginManage:359 - Loaded plugin power (category:power,tabindex:4)
2024-02-25 19:13:49,095 [INFO] PluginManage:310 - Check plugin projectmanager
2024-02-25 19:13:49,124 [INFO] PluginManage:359 - Loaded plugin projectmanager (category:projectmanager,tabindex:3)
2024-02-25 19:13:49,124 [INFO] PluginManage:310 - Check plugin thirdparty
2024-02-25 19:13:49,328 [INFO] PluginManage:359 - Loaded plugin thirdparty (category:base,tabindex:-1)
2024-02-25 19:13:49,328 [INFO] PluginManage:310 - Check plugin tools
2024-02-25 19:13:49,330 [WARN] IntegrityCheckThread:84 - waiting for thirdparty lock release [integrity check]
2024-02-25 19:13:49,331 [INFO] IntegrityCheckThread:86 - entering critical section [integrity check]
2024-02-25 19:13:49,332 [INFO] PluginManage:359 - Loaded plugin tools (category:base,tabindex:7)
2024-02-25 19:13:49,332 [INFO] PluginManage:310 - Check plugin tutovideos
2024-02-25 19:13:49,333 [INFO] ThirdPartyUpdaterWithRetryManager:70 - Updater plugin not ready yet. [1/15]
2024-02-25 19:13:49,605 [INFO] PluginManage:359 - Loaded plugin tutovideos (category:base,tabindex:-1)
2024-02-25 19:13:49,606 [INFO] PluginManage:310 - Check plugin updater
2024-02-25 19:13:49,620 [INFO] PluginManage:359 - Loaded plugin updater (category:base,tabindex:12)
2024-02-25 19:13:49,620 [INFO] PluginManage:310 - Check plugin userauth
2024-02-25 19:13:49,627 [INFO] UserAuth:114 - Init User Auth plugin
2024-02-25 19:13:49,627 [INFO] PluginManage:359 - Loaded plugin userauth (category:base,tabindex:14)
2024-02-25 19:13:49,628 [INFO] PluginManage:283 - PluginManage : Loaded plugins [17]
2024-02-25 19:13:49,930 [INFO] PinOutPanel:1499 - setPackage(No Configuration,No Configuration)
2024-02-25 19:13:50,029 [INFO] CADModel:165 - CPN selected for project level
2024-02-25 19:13:50,029 [INFO] CADModel:114 - Register for checkConnection events
2024-02-25 19:13:50,051 [INFO] IPUIPlugin:80 - create IPUIPlugin
2024-02-25 19:13:50,051 [INFO] PluginManager:220 - loadIPPluginJar : add adc
2024-02-25 19:13:50,054 [INFO] IPUIPlugin:80 - create IPUIPlugin
2024-02-25 19:13:50,055 [INFO] PluginManager:220 - loadIPPluginJar : add aes
2024-02-25 19:13:50,058 [INFO] IPUIPlugin:80 - create IPUIPlugin
2024-02-25 19:13:50,059 [INFO] PluginManager:220 - loadIPPluginJar : add can
2024-02-25 19:13:50,061 [INFO] IPUIPlugin:80 - create IPUIPlugin
2024-02-25 19:13:50,061 [INFO] PluginManager:220 - loadIPPluginJar : add comp
2024-02-25 19:13:50,065 [INFO] IPUIPlugin:80 - create IPUIPlugin
2024-02-25 19:13:50,065 [INFO] PluginManager:220 - loadIPPluginJar : add cryp
2024-02-25 19:13:50,069 [INFO] IPUIPlugin:80 - create IPUIPlugin
2024-02-25 19:13:50,070 [INFO] PluginManager:220 - loadIPPluginJar : add dfsdm
2024-02-25 19:13:50,079 [INFO] IPUIPlugin:80 - create IPUIPlugin
2024-02-25 19:13:50,080 [INFO] PluginManager:220 - loadIPPluginJar : add dma
2024-02-25 19:13:50,083 [INFO] IPUIPlugin:80 - create IPUIPlugin
2024-02-25 19:13:50,083 [INFO] PluginManager:220 - loadIPPluginJar : add dma3
2024-02-25 19:13:50,085 [INFO] IPUIPlugin:80 - create IPUIPlugin
2024-02-25 19:13:50,085 [INFO] PluginManager:220 - loadIPPluginJar : add fatfs
2024-02-25 19:13:50,092 [INFO] IPUIPlugin:80 - create IPUIPlugin
2024-02-25 19:13:50,092 [INFO] PluginManager:220 - loadIPPluginJar : add fmc
2024-02-25 19:13:50,100 [INFO] IPUIPlugin:80 - create IPUIPlugin
2024-02-25 19:13:50,101 [INFO] PluginManager:220 - loadIPPluginJar : add freertos
2024-02-25 19:13:50,103 [INFO] IPUIPlugin:80 - create IPUIPlugin
2024-02-25 19:13:50,103 [INFO] PluginManager:220 - loadIPPluginJar : add genericplugin
2024-02-25 19:13:50,106 [INFO] IPUIPlugin:80 - create IPUIPlugin
2024-02-25 19:13:50,106 [INFO] PluginManager:220 - loadIPPluginJar : add gfxmmu
2024-02-25 19:13:50,113 [INFO] IPUIPlugin:80 - create IPUIPlugin
2024-02-25 19:13:50,113 [INFO] PluginManager:220 - loadIPPluginJar : add gic
2024-02-25 19:13:50,120 [INFO] IPUIPlugin:80 - create IPUIPlugin
2024-02-25 19:13:50,120 [INFO] PluginManager:220 - loadIPPluginJar : add gpio
2024-02-25 19:13:50,125 [INFO] IPUIPlugin:80 - create IPUIPlugin
2024-02-25 19:13:50,125 [INFO] PluginManager:220 - loadIPPluginJar : add gtzc
2024-02-25 19:13:50,128 [INFO] IPUIPlugin:80 - create IPUIPlugin
2024-02-25 19:13:50,128 [INFO] PluginManager:220 - loadIPPluginJar : add hash
2024-02-25 19:13:50,130 [INFO] IPUIPlugin:80 - create IPUIPlugin
2024-02-25 19:13:50,131 [INFO] PluginManager:220 - loadIPPluginJar : add i2c
2024-02-25 19:13:50,134 [INFO] IPUIPlugin:80 - create IPUIPlugin
2024-02-25 19:13:50,134 [INFO] PluginManager:220 - loadIPPluginJar : add i2s
2024-02-25 19:13:50,139 [INFO] IPUIPlugin:80 - create IPUIPlugin
2024-02-25 19:13:50,139 [INFO] PluginManager:220 - loadIPPluginJar : add i3c
2024-02-25 19:13:50,143 [INFO] IPUIPlugin:80 - create IPUIPlugin
2024-02-25 19:13:50,144 [INFO] PluginManager:220 - loadIPPluginJar : add ipddr
2024-02-25 19:13:50,155 [INFO] IPUIPlugin:80 - create IPUIPlugin
2024-02-25 19:13:50,155 [INFO] PluginManager:220 - loadIPPluginJar : add linkedlist
2024-02-25 19:13:50,159 [INFO] IPUIPlugin:80 - create IPUIPlugin
2024-02-25 19:13:50,159 [INFO] PluginManager:220 - loadIPPluginJar : add lorawan
2024-02-25 19:13:50,161 [INFO] IPUIPlugin:80 - create IPUIPlugin
2024-02-25 19:13:50,162 [INFO] PluginManager:220 - loadIPPluginJar : add ltdc
2024-02-25 19:13:50,171 [INFO] IPUIPlugin:80 - create IPUIPlugin
2024-02-25 19:13:50,172 [INFO] PluginManager:220 - loadIPPluginJar : add mdma
2024-02-25 19:13:50,178 [INFO] IPUIPlugin:80 - create IPUIPlugin
2024-02-25 19:13:50,178 [INFO] PluginManager:220 - loadIPPluginJar : add nvic
2024-02-25 19:13:50,182 [INFO] IPUIPlugin:80 - create IPUIPlugin
2024-02-25 19:13:50,183 [INFO] PluginManager:220 - loadIPPluginJar : add opamp
2024-02-25 19:13:50,187 [INFO] IPUIPlugin:80 - create IPUIPlugin
2024-02-25 19:13:50,187 [INFO] PluginManager:220 - loadIPPluginJar : add openamp
2024-02-25 19:13:50,192 [INFO] IPUIPlugin:80 - create IPUIPlugin
2024-02-25 19:13:50,192 [INFO] PluginManager:220 - loadIPPluginJar : add pdm2pcm
2024-02-25 19:13:50,201 [INFO] IPUIPlugin:80 - create IPUIPlugin
2024-02-25 19:13:50,206 [INFO] PluginManager:220 - loadIPPluginJar : add plateformsettings
2024-02-25 19:13:50,208 [INFO] IPUIPlugin:80 - create IPUIPlugin
2024-02-25 19:13:50,208 [INFO] PluginManager:220 - loadIPPluginJar : add quadspi
2024-02-25 19:13:50,213 [INFO] IPUIPlugin:80 - create IPUIPlugin
2024-02-25 19:13:50,213 [INFO] PluginManager:220 - loadIPPluginJar : add resmgrutility
2024-02-25 19:13:50,218 [INFO] IPUIPlugin:80 - create IPUIPlugin
2024-02-25 19:13:50,218 [INFO] PluginManager:220 - loadIPPluginJar : add sai
2024-02-25 19:13:50,221 [INFO] IPUIPlugin:80 - create IPUIPlugin
2024-02-25 19:13:50,221 [INFO] PluginManager:220 - loadIPPluginJar : add spi
2024-02-25 19:13:50,229 [INFO] IPUIPlugin:80 - create IPUIPlugin
2024-02-25 19:13:50,230 [INFO] PluginManager:220 - loadIPPluginJar : add stm32_wpan
2024-02-25 19:13:50,233 [INFO] IPUIPlugin:80 - create IPUIPlugin
2024-02-25 19:13:50,233 [INFO] PluginManager:220 - loadIPPluginJar : add tim
2024-02-25 19:13:50,238 [INFO] IPUIPlugin:80 - create IPUIPlugin
2024-02-25 19:13:50,239 [INFO] PluginManager:220 - loadIPPluginJar : add touchsensing
2024-02-25 19:13:50,242 [INFO] IPUIPlugin:80 - create IPUIPlugin
2024-02-25 19:13:50,242 [INFO] PluginManager:220 - loadIPPluginJar : add tracer_emb
2024-02-25 19:13:50,245 [INFO] IPUIPlugin:80 - create IPUIPlugin
2024-02-25 19:13:50,245 [INFO] PluginManager:220 - loadIPPluginJar : add ts
2024-02-25 19:13:50,248 [INFO] IPUIPlugin:80 - create IPUIPlugin
2024-02-25 19:13:50,248 [INFO] PluginManager:220 - loadIPPluginJar : add tsc
2024-02-25 19:13:50,251 [INFO] IPUIPlugin:80 - create IPUIPlugin
2024-02-25 19:13:50,251 [INFO] PluginManager:220 - loadIPPluginJar : add ucpd
2024-02-25 19:13:50,255 [INFO] IPUIPlugin:80 - create IPUIPlugin
2024-02-25 19:13:50,256 [INFO] PluginManager:220 - loadIPPluginJar : add usart
2024-02-25 19:13:50,260 [INFO] IPUIPlugin:80 - create IPUIPlugin
2024-02-25 19:13:50,260 [INFO] PluginManager:220 - loadIPPluginJar : add usbx
2024-02-25 19:13:50,438 [INFO] CADModel:165 - CPN selected for project level
2024-02-25 19:13:50,438 [INFO] CADModel:114 - Register for checkConnection events
2024-02-25 19:13:50,438 [FATAL] Updater:308 - Updater called before beeing initialized
2024-02-25 19:13:50,439 [ERROR] CADModel:125 - Updater not yet initialized, retry later 
2024-02-25 19:13:50,604 [INFO] CADModel:165 - CPN selected for project level
2024-02-25 19:13:50,604 [INFO] CADModel:114 - Register for checkConnection events
2024-02-25 19:13:50,605 [FATAL] Updater:308 - Updater called before beeing initialized
2024-02-25 19:13:50,605 [ERROR] CADModel:125 - Updater not yet initialized, retry later 
2024-02-25 19:13:50,610 [FATAL] Updater:308 - Updater called before beeing initialized
2024-02-25 19:13:50,780 [FATAL] Updater:308 - Updater called before beeing initialized
2024-02-25 19:13:50,787 [INFO] DbMcusAds:53 - JSON generation date=Thu Sep 30 09:55:09 MSK 2021 (1632984909247)
2024-02-25 19:13:50,787 [FATAL] Updater:308 - Updater called before beeing initialized
2024-02-25 19:13:50,839 [WARN] DetailPanel:346 - Failed to get advertising image, set to default
2024-02-25 19:13:50,957 [FATAL] Updater:308 - Updater called before beeing initialized
2024-02-25 19:13:50,959 [FATAL] Updater:308 - Updater called before beeing initialized
2024-02-25 19:13:50,959 [FATAL] Updater:308 - Updater called before beeing initialized
2024-02-25 19:13:50,959 [WARN] DetailPanel:346 - Failed to get advertising image, set to default
2024-02-25 19:13:50,960 [FATAL] Updater:308 - Updater called before beeing initialized
2024-02-25 19:13:51,031 [ERROR] Updater:1120 - MainUpdater not yet initialized. External WinMGr cannot be set.
2024-02-25 19:13:51,033 [INFO] Updater:1056 - Updater Version found : 6.10.0
2024-02-25 19:13:51,054 [INFO] ApplicationProperties:184 - Using Application install path: C:\ST\STM32CubeIDE_1.14.0\STM32CubeIDE\plugins\com.st.stm32cube.common.mx_6.10.0.202311202037
2024-02-25 19:13:52,336 [INFO] ThirdPartyUpdaterWithRetryManager:70 - Updater plugin not ready yet. [2/15]
2024-02-25 19:13:52,629 [ERROR] LogOutputStream:75 - [STDERR_REDIRECT] Feb 25, 2024 7:13:52 PM java.util.prefs.WindowsPreferences <init>
2024-02-25 19:13:52,632 [ERROR] LogOutputStream:75 - [STDERR_REDIRECT] WARNING: Could not open/create prefs root node Software\JavaSoft\Prefs at root 0xffffffff80000002. Windows RegCreateKeyEx(...) returned error code 5.
2024-02-25 19:13:52,632 [ERROR] LogOutputStream:75 - [STDERR_REDIRECT] 
2024-02-25 19:13:53,135 [INFO] MainUpdater:2873 - connection check result : 10
2024-02-25 19:13:53,136 [INFO] MainUpdater:290 - Updater Check For Update Now.
2024-02-25 19:13:53,136 [INFO] MicroXplorer:498 - Change Database Version : DB.6.0.100
2024-02-25 19:13:53,143 [INFO] McuFinderGlobals:63 - Set McuFinder mode to 2 (CubeIDE integrated)
2024-02-25 19:13:53,143 [INFO] UserAuth:180 - activating auth plugin
2024-02-25 19:13:53,148 [INFO] UserAuth:404 - Internet connection configuration mode: 1
2024-02-25 19:13:53,168 [INFO] JxBrowserEngine:152 - Initiate JxBrowser Engine with user profile folder
2024-02-25 19:13:53,413 [INFO] CheckServerUpdateThread:120 - End of CheckServer Thread
2024-02-25 19:13:53,973 [INFO] WebApp:161 - Instantiating new browser for Auth
2024-02-25 19:13:54,726 [INFO] WebApp:780 - Register for checkConnection events
2024-02-25 19:13:54,726 [INFO] WebApp:414 - Apply proxy settings
2024-02-25 19:13:54,727 [INFO] WebApp:499 - Chromium requires no authentication
2024-02-25 19:13:54,734 [INFO] WebApp:442 - Direct internet connection detected
2024-02-25 19:13:54,905 [INFO] WebApp:192 - Starting web application
2024-02-25 19:13:54,905 [INFO] WebApp:544 - Web application path used C:\ST\STM32CubeIDE_1.14.0\STM32CubeIDE\plugins\com.st.stm32cube.common.mx_6.10.0.202311202037\db\plugins\mcufinder\reactClient1\index.html
2024-02-25 19:13:55,581 [WARN] PackLoader:240 - Cannot read IP mode file for STMicroelectronics.X-CUBE-SMBUS.2.1.0
2024-02-25 19:13:55,591 [WARN] PackLoader:240 - Cannot read IP mode file for STMicroelectronics.X-CUBE-TOUCHGFX.4.23.0
2024-02-25 19:13:55,649 [WARN] PackLoader:240 - Cannot read IP mode file for STMicroelectronics.X-CUBE-AZRTOS-F7.1.1.0
2024-02-25 19:13:55,669 [WARN] PackLoader:240 - Cannot read IP mode file for STMicroelectronics.FP-SNS-MOTENV1.4.3.2
2024-02-25 19:13:55,682 [WARN] PackLoader:240 - Cannot read IP mode file for STMicroelectronics.FP-SNS-FLIGHT1.5.0.2
2024-02-25 19:13:55,701 [WARN] PackLoader:240 - Cannot read IP mode file for STMicroelectronics.X-CUBE-DISPLAY.3.0.0
2024-02-25 19:13:55,725 [WARN] PackLoader:240 - Cannot read IP mode file for STMicroelectronics.X-CUBE-BLE1.7.0.0
2024-02-25 19:13:55,735 [WARN] PackLoader:240 - Cannot read IP mode file for emotas.I-CUBE-CANOPEN.1.3.0
2024-02-25 19:13:55,742 [WARN] PackLoader:240 - Cannot read IP mode file for STMicroelectronics.FP-SNS-SMARTAG2.1.2.0
2024-02-25 19:13:55,764 [INFO] LogOutputStream:77 - [STDOUT_REDIRECT] 1 : Invalid condition id : UX_CORESTACK_Condition cause : null
2024-02-25 19:13:55,765 [INFO] LogOutputStream:77 - [STDOUT_REDIRECT] 1 : Invalid condition id : UX_CORESTACK_Condition cause : null
2024-02-25 19:13:55,768 [INFO] LogOutputStream:77 - [STDOUT_REDIRECT] 1 : Invalid condition id : UX_CORESTACK_Condition cause : null
2024-02-25 19:13:55,770 [INFO] LogOutputStream:77 - [STDOUT_REDIRECT] 1 : Invalid condition id : UX_CORESTACK_Condition cause : null
2024-02-25 19:13:55,772 [INFO] LogOutputStream:77 - [STDOUT_REDIRECT] 1 : Invalid condition id : UX_CORESTACK_Condition cause : null
2024-02-25 19:13:55,781 [WARN] PackLoader:240 - Cannot read IP mode file for STMicroelectronics.X-CUBE-AZRTOS-WL.2.0.0
2024-02-25 19:13:55,796 [WARN] PackLoader:240 - Cannot read IP mode file for WES.I-CUBE-Cesium.1.3.0
2024-02-25 19:13:55,804 [WARN] PackLoader:240 - Cannot read IP mode file for STMicroelectronics.X-CUBE-BLE2.3.3.0
2024-02-25 19:13:55,817 [WARN] PackLoader:240 - Cannot read IP mode file for STMicroelectronics.X-CUBE-ALGOBUILD.1.3.0
2024-02-25 19:13:55,859 [WARN] PackLoader:240 - Cannot read IP mode file for STMicroelectronics.X-CUBE-AZRTOS-G0.1.1.0
2024-02-25 19:13:55,872 [WARN] PackLoader:240 - Cannot read IP mode file for STMicroelectronics.X-CUBE-NFC4.3.0.0
2024-02-25 19:13:55,897 [WARN] PackLoader:240 - Cannot read IP mode file for STMicroelectronics.X-CUBE-BLEMGR.3.0.0
2024-02-25 19:13:55,910 [WARN] PackLoader:240 - Cannot read IP mode file for STMicroelectronics.FP-ATR-SIGFOX1.3.2.0
2024-02-25 19:13:55,919 [WARN] PackLoader:240 - Cannot read IP mode file for STMicroelectronics.X-CUBE-EEPRMA1.5.1.0
2024-02-25 19:13:55,991 [WARN] PackLoader:240 - Cannot read IP mode file for SEGGER.I-CUBE-embOS.1.3.1
2024-02-25 19:13:56,107 [WARN] PackLoader:240 - Cannot read IP mode file for STMicroelectronics.X-CUBE-GNSS1.6.0.0
2024-02-25 19:13:56,142 [WARN] PackLoader:240 - Cannot read IP mode file for STMicroelectronics.X-CUBE-AZRTOS-F4.1.1.0
2024-02-25 19:13:56,153 [WARN] PackLoader:240 - Cannot read IP mode file for wolfSSL.I-CUBE-wolfSSL.5.6.6
2024-02-25 19:13:56,182 [WARN] PackLoader:240 - Cannot read IP mode file for STMicroelectronics.X-CUBE-AZRTOS-L5.2.0.0
2024-02-25 19:13:56,193 [WARN] PackLoader:240 - Cannot read IP mode file for ITTIA_DB.I-CUBE-ITTIADB.8.8.0
2024-02-25 19:13:56,200 [WARN] PackLoader:240 - Cannot read IP mode file for STMicroelectronics.X-CUBE-NFC7.1.0.1
2024-02-25 19:13:56,211 [WARN] PackLoader:240 - Cannot read IP mode file for STMicroelectronics.X-CUBE-NFC6.3.0.0
2024-02-25 19:13:56,218 [WARN] PackLoader:240 - Cannot read IP mode file for STMicroelectronics.X-CUBE-AI.8.1.0
2024-02-25 19:13:56,251 [WARN] ConditionMgr:438 - getConditionDescription Invalid condition id : LAN8742 Phy interface Condition cause : null
2024-02-25 19:13:56,252 [WARN] PackLoader:240 - Cannot read IP mode file for STMicroelectronics.X-CUBE-AZRTOS-L4.2.0.0
2024-02-25 19:13:56,253 [WARN] ConditionMgr:1039 - genDependencies : Invalid condition id : LAN8742 Phy interface Condition cause : null
2024-02-25 19:13:56,254 [WARN] ConditionMgr:1039 - genDependencies : Invalid condition id : LAN8742 Phy interface Condition cause : null
2024-02-25 19:13:56,254 [WARN] ConditionMgr:1039 - genDependencies : Invalid condition id : LAN8742 Phy interface Condition cause : null
2024-02-25 19:13:56,266 [WARN] PackLoader:240 - Cannot read IP mode file for STMicroelectronics.X-CUBE-SFXS2LP1.4.0.0
2024-02-25 19:13:56,285 [WARN] ConditionMgr:438 - getConditionDescription Invalid condition id : UX DEVICE CLASS RTOS Condition cause : null
2024-02-25 19:13:56,285 [WARN] ConditionMgr:438 - getConditionDescription Invalid condition id : UX DEVICE CLASS RTOS Condition cause : null
2024-02-25 19:13:56,289 [WARN] PackLoader:240 - Cannot read IP mode file for STMicroelectronics.X-CUBE-AZRTOS-WB.2.0.0
2024-02-25 19:13:56,290 [WARN] ConditionMgr:1039 - genDependencies : Invalid condition id : UX DEVICE CLASS RTOS Condition cause : null
2024-02-25 19:13:56,290 [WARN] ConditionMgr:1039 - genDependencies : Invalid condition id : UX DEVICE CLASS RTOS Condition cause : null
2024-02-25 19:13:56,291 [WARN] ConditionMgr:1039 - genDependencies : Invalid condition id : UX DEVICE CLASS RTOS Condition cause : null
2024-02-25 19:13:56,291 [WARN] ConditionMgr:1039 - genDependencies : Invalid condition id : UX DEVICE CLASS RTOS Condition cause : null
2024-02-25 19:13:56,292 [WARN] ConditionMgr:1039 - genDependencies : Invalid condition id : UX DEVICE CLASS RTOS Condition cause : null
2024-02-25 19:13:56,309 [WARN] PackLoader:240 - Cannot read IP mode file for STMicroelectronics.X-CUBE-SUBG2.5.0.0
2024-02-25 19:13:56,341 [WARN] PackLoader:240 - Cannot read IP mode file for STMicroelectronics.X-CUBE-AZRTOS-G4.2.0.0
2024-02-25 19:13:56,361 [WARN] PackLoader:240 - Cannot read IP mode file for Infineon.AIROC-Wi-Fi-Bluetooth-STM32.1.5.1
2024-02-25 19:13:56,383 [WARN] PackLoader:240 - Cannot read IP mode file for STMicroelectronics.FP-SNS-MOTENVWB1.1.3.1
2024-02-25 19:13:56,390 [WARN] PackLoader:240 - Cannot read IP mode file for STMicroelectronics.X-CUBE-ISPU.2.0.0
2024-02-25 19:13:56,550 [WARN] PackLoader:240 - Cannot read IP mode file for STMicroelectronics.X-CUBE-MEMS1.10.0.0
2024-02-25 19:13:56,894 [WARN] PackLoader:240 - Cannot read IP mode file for STMicroelectronics.X-CUBE-FREERTOS.1.1.0
2024-02-25 19:13:56,898 [WARN] PackLoader:240 - Cannot read IP mode file for STMicroelectronics.X-CUBE-ALS.1.0.1
2024-02-25 19:13:56,902 [WARN] PackLoader:240 - Cannot read IP mode file for STMicroelectronics.FP-ATR-ASTRA1.2.0.0
2024-02-25 19:13:56,920 [WARN] PackLoader:240 - Cannot read IP mode file for STMicroelectronics.X-CUBE-TOF1.3.4.0
2024-02-25 19:13:56,978 [WARN] PackLoader:240 - Cannot read IP mode file for STMicroelectronics.X-CUBE-AZRTOS-H7.3.2.0
2024-02-25 19:13:56,984 [INFO] ThirdParty:978 - Integrity check success = true
2024-02-25 19:13:56,985 [INFO] IntegrityCheckThread:100 - exiting critical section [integrity check]
2024-02-25 19:13:56,985 [INFO] IntegrityCheckThread:103 - End integrity checks thread
2024-02-25 19:14:15,917 [ERROR] LogOutputStream:75 - [STDERR_REDIRECT] SLF4J: Failed to load class "org.slf4j.impl.StaticLoggerBinder".
2024-02-25 19:14:15,919 [ERROR] LogOutputStream:75 - [STDERR_REDIRECT] SLF4J: Defaulting to no-operation (NOP) logger implementation
2024-02-25 19:14:15,922 [ERROR] LogOutputStream:75 - [STDERR_REDIRECT] SLF4J: See http://www.slf4j.org/codes.html#StaticLoggerBinder for further details.
2024-02-25 19:16:00,045 [ERROR] LogOutputStream:75 - [STDERR_REDIRECT] 
2024-02-25 19:16:00,047 [ERROR] LogOutputStream:75 - [STDERR_REDIRECT] 
